[debug] [2021-06-25T18:55:32.979Z] ----------------------------------------------------------------------
[debug] [2021-06-25T18:55:32.981Z] Command:       C:\Program Files\nodejs\node.exe C:\Program Files\nodejs\node_modules\firebase-tools\lib\bin\firebase.js deploy --debug --only functions:createNewGroupIfNeeded
[debug] [2021-06-25T18:55:32.981Z] CLI Version:   9.14.0
[debug] [2021-06-25T18:55:32.981Z] Platform:      win32
[debug] [2021-06-25T18:55:32.982Z] Node Version:  v16.2.0
[debug] [2021-06-25T18:55:32.983Z] Time:          Fri Jun 25 2021 11:55:32 GMT-0700 (Pacific Daylight Time)
[debug] [2021-06-25T18:55:32.983Z] ----------------------------------------------------------------------
[debug] 
[debug] [2021-06-25T18:55:32.991Z] > command requires scopes: ["email","openid","https://www.googleapis.com/auth/cloudplatformprojects.readonly","https://www.googleapis.com/auth/firebase","https://www.googleapis.com/auth/cloud-platform"]
[debug] [2021-06-25T18:55:32.993Z] > authorizing via signed-in user (manmon42@gmail.com)
[debug] [2021-06-25T18:55:32.993Z] [iam] checking project taboo-2f3dc for permissions ["cloudfunctions.functions.create","cloudfunctions.functions.delete","cloudfunctions.functions.get","cloudfunctions.functions.list","cloudfunctions.functions.update","cloudfunctions.operations.get","firebase.projects.get"]
[debug] [2021-06-25T18:55:32.995Z] >>> HTTP REQUEST POST https://cloudresourcemanager.googleapis.com/v1/projects/taboo-2f3dc:testIamPermissions  
 {"permissions":["cloudfunctions.functions.create","cloudfunctions.functions.delete","cloudfunctions.functions.get","cloudfunctions.functions.list","cloudfunctions.functions.update","cloudfunctions.operations.get","firebase.projects.get"]}
[debug] [2021-06-25T18:55:33.180Z] <<< HTTP RESPONSE 200 {"content-type":"application/json; charset=UTF-8","vary":"X-Origin, Referer, Origin,Accept-Encoding","date":"Fri, 25 Jun 2021 18:55:41 GMT","server":"ESF","cache-control":"private","x-xss-protection":"0","x-frame-options":"SAMEORIGIN","x-content-type-options":"nosniff","server-timing":"gfet4t7; dur=120","alt-svc":"h3=\":443\"; ma=2592000,h3-29=\":443\"; ma=2592000,h3-T051=\":443\"; ma=2592000,h3-Q050=\":443\"; ma=2592000,h3-Q046=\":443\"; ma=2592000,h3-Q043=\":443\"; ma=2592000,quic=\":443\"; ma=2592000; v=\"46,43\"","accept-ranges":"none","transfer-encoding":"chunked"}
[debug] [2021-06-25T18:55:33.182Z] >>> HTTP REQUEST POST https://iam.googleapis.com/v1/projects/taboo-2f3dc/serviceAccounts/taboo-2f3dc@appspot.gserviceaccount.com:testIamPermissions  
 {"permissions":["iam.serviceAccounts.actAs"]}
[debug] [2021-06-25T18:55:33.332Z] <<< HTTP RESPONSE 200 {"content-type":"application/json; charset=UTF-8","vary":"X-Origin, Referer, Origin,Accept-Encoding","date":"Fri, 25 Jun 2021 18:55:41 GMT","server":"ESF","cache-control":"private","x-xss-protection":"0","x-frame-options":"SAMEORIGIN","x-content-type-options":"nosniff","alt-svc":"h3=\":443\"; ma=2592000,h3-29=\":443\"; ma=2592000,h3-T051=\":443\"; ma=2592000,h3-Q050=\":443\"; ma=2592000,h3-Q046=\":443\"; ma=2592000,h3-Q043=\":443\"; ma=2592000,quic=\":443\"; ma=2592000; v=\"46,43\"","accept-ranges":"none","transfer-encoding":"chunked"}
[info] 
[info] === Deploying to 'taboo-2f3dc'...
[info] 
[info] i  deploying functions 
[info] Running command: npm --prefix "$RESOURCE_DIR" run build
[info] +  functions: Finished running predeploy script. 
[debug] [2021-06-25T18:55:41.723Z] Validating nodejs source
[debug] [2021-06-25T18:55:44.180Z] > [functions] package.json contents: {
  "name": "functions",
  "scripts": {
    "build": "tsc",
    "serve": "npm run build && firebase emulators:start --only functions",
    "shell": "npm run build && firebase functions:shell",
    "start": "npm run shell",
    "deploy": "firebase deploy --only functions",
    "logs": "firebase functions:log"
  },
  "engines": {
    "node": "14"
  },
  "main": "lib/index.js",
  "dependencies": {
    "firebase-admin": "^9.8.0",
    "firebase-functions": "^3.14.1"
  },
  "devDependencies": {
    "@firebase/app-types": "^0.6.2",
    "firebase-functions-test": "^0.2.0",
    "typescript": "^3.8.0"
  },
  "private": true
}
[debug] [2021-06-25T18:55:44.180Z] Building nodejs source
[info] i  functions: ensuring required API cloudfunctions.googleapis.com is enabled... 
[info] i  functions: ensuring required API cloudbuild.googleapis.com is enabled... 
[debug] [2021-06-25T18:55:44.182Z] >>> HTTP REQUEST GET https://serviceusage.googleapis.com/v1/projects/taboo-2f3dc/services/cloudfunctions.googleapis.com  
 
[debug] [2021-06-25T18:55:44.183Z] >>> HTTP REQUEST GET https://serviceusage.googleapis.com/v1/projects/taboo-2f3dc/services/runtimeconfig.googleapis.com  
 
[debug] [2021-06-25T18:55:44.183Z] >>> HTTP REQUEST GET https://serviceusage.googleapis.com/v1/projects/taboo-2f3dc/services/cloudbuild.googleapis.com  
 
[debug] [2021-06-25T18:55:44.598Z] <<< HTTP RESPONSE 200 {"content-type":"application/json; charset=UTF-8","vary":"X-Origin, Referer, Origin,Accept-Encoding","date":"Fri, 25 Jun 2021 18:55:52 GMT","server":"ESF","cache-control":"private","x-xss-protection":"0","x-frame-options":"SAMEORIGIN","x-content-type-options":"nosniff","alt-svc":"h3=\":443\"; ma=2592000,h3-29=\":443\"; ma=2592000,h3-T051=\":443\"; ma=2592000,h3-Q050=\":443\"; ma=2592000,h3-Q046=\":443\"; ma=2592000,h3-Q043=\":443\"; ma=2592000,quic=\":443\"; ma=2592000; v=\"46,43\"","accept-ranges":"none","transfer-encoding":"chunked"}
[debug] [2021-06-25T18:55:44.600Z] <<< HTTP RESPONSE 200 {"content-type":"application/json; charset=UTF-8","vary":"X-Origin, Referer, Origin,Accept-Encoding","date":"Fri, 25 Jun 2021 18:55:52 GMT","server":"ESF","cache-control":"private","x-xss-protection":"0","x-frame-options":"SAMEORIGIN","x-content-type-options":"nosniff","alt-svc":"h3=\":443\"; ma=2592000,h3-29=\":443\"; ma=2592000,h3-T051=\":443\"; ma=2592000,h3-Q050=\":443\"; ma=2592000,h3-Q046=\":443\"; ma=2592000,h3-Q043=\":443\"; ma=2592000,quic=\":443\"; ma=2592000; v=\"46,43\"","accept-ranges":"none","transfer-encoding":"chunked"}
[info] +  functions: required API cloudfunctions.googleapis.com is enabled 
[debug] [2021-06-25T18:55:44.616Z] <<< HTTP RESPONSE 200 {"content-type":"application/json; charset=UTF-8","vary":"X-Origin, Referer, Origin,Accept-Encoding","date":"Fri, 25 Jun 2021 18:55:52 GMT","server":"ESF","cache-control":"private","x-xss-protection":"0","x-frame-options":"SAMEORIGIN","x-content-type-options":"nosniff","alt-svc":"h3=\":443\"; ma=2592000,h3-29=\":443\"; ma=2592000,h3-T051=\":443\"; ma=2592000,h3-Q050=\":443\"; ma=2592000,h3-Q046=\":443\"; ma=2592000,h3-Q043=\":443\"; ma=2592000,quic=\":443\"; ma=2592000; v=\"46,43\"","accept-ranges":"none","transfer-encoding":"chunked"}
[info] +  functions: required API cloudbuild.googleapis.com is enabled 
[debug] [2021-06-25T18:55:44.618Z] >>> HTTP REQUEST GET https://firebase.googleapis.com/v1beta1/projects/taboo-2f3dc/adminSdkConfig  
 
[debug] [2021-06-25T18:55:44.791Z] <<< HTTP RESPONSE 200 {"content-type":"application/json; charset=UTF-8","vary":"X-Origin, Referer, Origin,Accept-Encoding","date":"Fri, 25 Jun 2021 18:55:52 GMT","server":"ESF","cache-control":"private","x-xss-protection":"0","x-frame-options":"SAMEORIGIN","x-content-type-options":"nosniff","alt-svc":"h3=\":443\"; ma=2592000,h3-29=\":443\"; ma=2592000,h3-T051=\":443\"; ma=2592000,h3-Q050=\":443\"; ma=2592000,h3-Q046=\":443\"; ma=2592000,h3-Q043=\":443\"; ma=2592000,quic=\":443\"; ma=2592000; v=\"46,43\"","accept-ranges":"none","transfer-encoding":"chunked"}
[debug] [2021-06-25T18:55:44.793Z] >>> HTTP REQUEST GET https://runtimeconfig.googleapis.com/v1beta1/projects/taboo-2f3dc/configs  
 
[debug] [2021-06-25T18:55:44.933Z] <<< HTTP RESPONSE 200 {"content-type":"application/json; charset=UTF-8","vary":"X-Origin, Referer, Origin,Accept-Encoding","date":"Fri, 25 Jun 2021 18:55:53 GMT","server":"ESF","cache-control":"private","x-xss-protection":"0","x-frame-options":"SAMEORIGIN","x-content-type-options":"nosniff","alt-svc":"h3=\":443\"; ma=2592000,h3-29=\":443\"; ma=2592000,h3-T051=\":443\"; ma=2592000,h3-Q050=\":443\"; ma=2592000,h3-Q046=\":443\"; ma=2592000,h3-Q043=\":443\"; ma=2592000,quic=\":443\"; ma=2592000; v=\"46,43\"","accept-ranges":"none","transfer-encoding":"chunked"}
[debug] [2021-06-25T18:55:44.935Z] Analyzing nodejs backend spec
[info] i  functions: preparing functions directory for uploading... 
[info] i  functions: packaged functions (35.65 KB) for uploading 
[debug] [2021-06-25T18:55:45.128Z] >>> HTTP REQUEST GET https://cloudfunctions.googleapis.com/v1/projects/taboo-2f3dc/locations/-/functions  
 
[debug] [2021-06-25T18:55:45.539Z] <<< HTTP RESPONSE 200 {"content-type":"application/json; charset=UTF-8","vary":"X-Origin, Referer, Origin,Accept-Encoding","date":"Fri, 25 Jun 2021 18:55:53 GMT","server":"ESF","cache-control":"private","x-xss-protection":"0","x-frame-options":"SAMEORIGIN","x-content-type-options":"nosniff","alt-svc":"h3=\":443\"; ma=2592000,h3-29=\":443\"; ma=2592000,h3-T051=\":443\"; ma=2592000,h3-Q050=\":443\"; ma=2592000,h3-Q046=\":443\"; ma=2592000,h3-Q043=\":443\"; ma=2592000,quic=\":443\"; ma=2592000; v=\"46,43\"","accept-ranges":"none","transfer-encoding":"chunked"}
[debug] [2021-06-25T18:55:45.542Z] >>> HTTP REQUEST POST https://cloudfunctions.googleapis.com/v1/projects/taboo-2f3dc/locations/us-central1/functions:generateUploadUrl  
 
[debug] [2021-06-25T18:55:46.074Z] <<< HTTP RESPONSE 200 {"content-type":"application/json; charset=UTF-8","vary":"X-Origin, Referer, Origin,Accept-Encoding","date":"Fri, 25 Jun 2021 18:55:54 GMT","server":"ESF","cache-control":"private","x-xss-protection":"0","x-frame-options":"SAMEORIGIN","x-content-type-options":"nosniff","alt-svc":"h3=\":443\"; ma=2592000,h3-29=\":443\"; ma=2592000,h3-T051=\":443\"; ma=2592000,h3-Q050=\":443\"; ma=2592000,h3-Q046=\":443\"; ma=2592000,h3-Q043=\":443\"; ma=2592000,quic=\":443\"; ma=2592000; v=\"46,43\"","accept-ranges":"none","transfer-encoding":"chunked"}
[debug] [2021-06-25T18:55:46.076Z] >>> HTTP REQUEST PUT https://storage.googleapis.com/gcf-upload-us-central1-6a9bccba-3f3b-42ac-a95d-d0f36ca36744/7ea578cf-0817-4355-b16a-27eb0fdedf81.zip?GoogleAccessId=service-905475462943@gcf-admin-robot.iam.gserviceaccount.com&Expires=1624649154&Signature=J8fwHjSEmXTIX1A3arI0G%2B2K215GOQUnJB1JfLtL%2B7PMft47b%2BojWFQbBYMnX81D0DCMUamo0QmhwwQYtTBQenB5RbPq%2B2Fv5C3f%2Bn1qdvfZFftFzLl5NWK7kt12DMKviFoWi1e5FP6fzyQ7HEnNC6ysYlLKfXuuwuuaCYFwXi8f%2B64ieBpJfzQtlYSYp%2FjE9RyZl8nPvfTB2IR6Z%2Bk7nLgy%2FKMiHucNtnDpEwpQr9tmcr2eMe5WrbNgNR1nLrpXthG8iPcDIv1qbkQipNKeWUyRdRHrSfdD5ddUulkzv5rTMS52q0WCFim56kbddZUvg0f%2BKlceR7c48dExRETHpg%3D%3D  
 <request body omitted>
[debug] [2021-06-25T18:55:46.308Z] <<< HTTP RESPONSE 200 {"x-guploader-uploadid":"ABg5-UxPdrh6vfA5r6UhB56PZeG01w4JPF0tP0vwY4biQT4fFS5IRvyedlFVCz5qK1jptKFbyGiYvfEOpr3Hl0j_CyuChYybzw","etag":"\"af52fdb9b866d2ce974984f283f5d5c0\"","x-goog-generation":"1624647354444973","x-goog-metageneration":"1","x-goog-hash":"crc32c=wfBSmw==, md5=r1L9ubhm0s6XSYTyg/XVwA==","x-goog-stored-content-length":"36501","x-goog-stored-content-encoding":"identity","vary":"Origin","content-length":"0","date":"Fri, 25 Jun 2021 18:55:54 GMT","server":"UploadServer","content-type":"text/html; charset=UTF-8","alt-svc":"h3=\":443\"; ma=2592000,h3-29=\":443\"; ma=2592000,h3-T051=\":443\"; ma=2592000,h3-Q050=\":443\"; ma=2592000,h3-Q046=\":443\"; ma=2592000,h3-Q043=\":443\"; ma=2592000,quic=\":443\"; ma=2592000; v=\"46,43\""}
[info] +  functions: functions folder uploaded successfully 
[info] i  functions: updating Node.js 14 function createNewGroupIfNeeded(us-central1)... 
[debug] [2021-06-25T18:55:46.313Z] >>> HTTP REQUEST PATCH https://cloudfunctions.googleapis.com/v1/projects/taboo-2f3dc/locations/us-central1/functions/createNewGroupIfNeeded {"updateMask":"name,sourceUploadUrl,entryPoint,runtime,eventTrigger.eventType,eventTrigger.resource,eventTrigger.failurePolicy,labels,environmentVariables"} 
 {"name":"projects/taboo-2f3dc/locations/us-central1/functions/createNewGroupIfNeeded","sourceUploadUrl":"https://storage.googleapis.com/gcf-upload-us-central1-6a9bccba-3f3b-42ac-a95d-d0f36ca36744/7ea578cf-0817-4355-b16a-27eb0fdedf81.zip?GoogleAccessId=service-905475462943@gcf-admin-robot.iam.gserviceaccount.com&Expires=1624649154&Signature=J8fwHjSEmXTIX1A3arI0G%2B2K215GOQUnJB1JfLtL%2B7PMft47b%2BojWFQbBYMnX81D0DCMUamo0QmhwwQYtTBQenB5RbPq%2B2Fv5C3f%2Bn1qdvfZFftFzLl5NWK7kt12DMKviFoWi1e5FP6fzyQ7HEnNC6ysYlLKfXuuwuuaCYFwXi8f%2B64ieBpJfzQtlYSYp%2FjE9RyZl8nPvfTB2IR6Z%2Bk7nLgy%2FKMiHucNtnDpEwpQr9tmcr2eMe5WrbNgNR1nLrpXthG8iPcDIv1qbkQipNKeWUyRdRHrSfdD5ddUulkzv5rTMS52q0WCFim56kbddZUvg0f%2BKlceR7c48dExRETHpg%3D%3D","entryPoint":"createNewGroupIfNeeded","runtime":"nodejs14","eventTrigger":{"eventType":"providers/cloud.firestore/eventTypes/document.update","resource":"projects/taboo-2f3dc/databases/(default)/documents/games/{gameId}/groups/{groupId}"},"labels":{"deployment-tool":"cli-firebase"},"environmentVariables":{"FIREBASE_CONFIG":"{\"projectId\":\"taboo-2f3dc\",\"databaseURL\":\"https://taboo-2f3dc-default-rtdb.firebaseio.com\",\"storageBucket\":\"taboo-2f3dc.appspot.com\",\"locationId\":\"us-central\"}"}}
[debug] [2021-06-25T18:55:46.681Z] <<< HTTP RESPONSE 400 {"vary":"X-Origin, Referer, Origin,Accept-Encoding","content-type":"application/json; charset=UTF-8","date":"Fri, 25 Jun 2021 18:55:54 GMT","server":"ESF","cache-control":"private","x-xss-protection":"0","x-frame-options":"SAMEORIGIN","x-content-type-options":"nosniff","alt-svc":"h3=\":443\"; ma=2592000,h3-29=\":443\"; ma=2592000,h3-T051=\":443\"; ma=2592000,h3-Q050=\":443\"; ma=2592000,h3-Q046=\":443\"; ma=2592000,h3-Q043=\":443\"; ma=2592000,quic=\":443\"; ma=2592000; v=\"46,43\"","accept-ranges":"none","transfer-encoding":"chunked"}
[debug] [2021-06-25T18:55:46.683Z] <<< HTTP RESPONSE BODY {"error":{"code":400,"message":"Change of function trigger type or event provider is not allowed","status":"FAILED_PRECONDITION"}}
[warn] !  functions: failed to update function projects/taboo-2f3dc/locations/us-central1/functions/createNewGroupIfNeeded 
[debug] [2021-06-25T18:55:46.687Z] Total Function Deployment time: 375
[debug] [2021-06-25T18:55:46.688Z] 1 Functions Deployed
[debug] [2021-06-25T18:55:46.688Z] 1 Functions Errored
[debug] [2021-06-25T18:55:46.688Z] Average Function Deployment time: 375
[info] i  functions: cleaning up build files... 
[debug] [2021-06-25T18:55:46.690Z] > refreshing access token with scopes: []
[debug] [2021-06-25T18:55:46.691Z] >>> HTTP REQUEST POST https://www.googleapis.com/oauth2/v3/token  
 <request body omitted>
[debug] [2021-06-25T18:55:46.692Z] > refreshing access token with scopes: []
[debug] [2021-06-25T18:55:46.693Z] >>> HTTP REQUEST POST https://www.googleapis.com/oauth2/v3/token  
 <request body omitted>
[debug] [2021-06-25T18:55:46.693Z] > refreshing access token with scopes: []
[debug] [2021-06-25T18:55:46.694Z] >>> HTTP REQUEST POST https://www.googleapis.com/oauth2/v3/token  
 <request body omitted>
[debug] [2021-06-25T18:55:46.694Z] > refreshing access token with scopes: []
[debug] [2021-06-25T18:55:46.695Z] >>> HTTP REQUEST POST https://www.googleapis.com/oauth2/v3/token  
 <request body omitted>
[debug] [2021-06-25T18:55:46.695Z] > refreshing access token with scopes: []
[debug] [2021-06-25T18:55:46.695Z] >>> HTTP REQUEST POST https://www.googleapis.com/oauth2/v3/token  
 <request body omitted>
[debug] [2021-06-25T18:55:46.781Z] <<< HTTP RESPONSE 200 {"date":"Fri, 25 Jun 2021 18:55:54 GMT","pragma":"no-cache","cache-control":"no-cache, no-store, max-age=0, must-revalidate","expires":"Mon, 01 Jan 1990 00:00:00 GMT","content-type":"application/json; charset=utf-8","vary":"X-Origin, Referer, Origin,Accept-Encoding","server":"scaffolding on HTTPServer2","x-xss-protection":"0","x-frame-options":"SAMEORIGIN","x-content-type-options":"nosniff","alt-svc":"h3=\":443\"; ma=2592000,h3-29=\":443\"; ma=2592000,h3-T051=\":443\"; ma=2592000,h3-Q050=\":443\"; ma=2592000,h3-Q046=\":443\"; ma=2592000,h3-Q043=\":443\"; ma=2592000,quic=\":443\"; ma=2592000; v=\"46,43\"","accept-ranges":"none","transfer-encoding":"chunked"}
[debug] [2021-06-25T18:55:46.799Z] >>> [apiv2][query] GET https://us.gcr.io/v2/taboo-2f3dc/gcf/us-central1/tags/list [none]
[debug] [2021-06-25T18:55:46.804Z] <<< HTTP RESPONSE 200 {"date":"Fri, 25 Jun 2021 18:55:54 GMT","cache-control":"no-cache, no-store, max-age=0, must-revalidate","expires":"Mon, 01 Jan 1990 00:00:00 GMT","pragma":"no-cache","content-type":"application/json; charset=utf-8","vary":"X-Origin, Referer, Origin,Accept-Encoding","server":"scaffolding on HTTPServer2","x-xss-protection":"0","x-frame-options":"SAMEORIGIN","x-content-type-options":"nosniff","alt-svc":"h3=\":443\"; ma=2592000,h3-29=\":443\"; ma=2592000,h3-T051=\":443\"; ma=2592000,h3-Q050=\":443\"; ma=2592000,h3-Q046=\":443\"; ma=2592000,h3-Q043=\":443\"; ma=2592000,quic=\":443\"; ma=2592000; v=\"46,43\"","accept-ranges":"none","transfer-encoding":"chunked"}
[debug] [2021-06-25T18:55:46.822Z] >>> [apiv2][query] GET https://us.gcr.io/v2/taboo-2f3dc/gcf/us-central1/tags/list [none]
[debug] [2021-06-25T18:55:46.826Z] <<< HTTP RESPONSE 200 {"pragma":"no-cache","cache-control":"no-cache, no-store, max-age=0, must-revalidate","date":"Fri, 25 Jun 2021 18:55:54 GMT","expires":"Mon, 01 Jan 1990 00:00:00 GMT","content-type":"application/json; charset=utf-8","vary":"X-Origin, Referer, Origin,Accept-Encoding","server":"scaffolding on HTTPServer2","x-xss-protection":"0","x-frame-options":"SAMEORIGIN","x-content-type-options":"nosniff","alt-svc":"h3=\":443\"; ma=2592000,h3-29=\":443\"; ma=2592000,h3-T051=\":443\"; ma=2592000,h3-Q050=\":443\"; ma=2592000,h3-Q046=\":443\"; ma=2592000,h3-Q043=\":443\"; ma=2592000,quic=\":443\"; ma=2592000; v=\"46,43\"","accept-ranges":"none","transfer-encoding":"chunked"}
[debug] [2021-06-25T18:55:46.841Z] >>> [apiv2][query] GET https://us.gcr.io/v2/taboo-2f3dc/gcf/us-central1/tags/list [none]
[debug] [2021-06-25T18:55:46.843Z] <<< HTTP RESPONSE 200 {"cache-control":"no-cache, no-store, max-age=0, must-revalidate","pragma":"no-cache","expires":"Mon, 01 Jan 1990 00:00:00 GMT","date":"Fri, 25 Jun 2021 18:55:54 GMT","content-type":"application/json; charset=utf-8","vary":"X-Origin, Referer, Origin,Accept-Encoding","server":"scaffolding on HTTPServer2","x-xss-protection":"0","x-frame-options":"SAMEORIGIN","x-content-type-options":"nosniff","alt-svc":"h3=\":443\"; ma=2592000,h3-29=\":443\"; ma=2592000,h3-T051=\":443\"; ma=2592000,h3-Q050=\":443\"; ma=2592000,h3-Q046=\":443\"; ma=2592000,h3-Q043=\":443\"; ma=2592000,quic=\":443\"; ma=2592000; v=\"46,43\"","accept-ranges":"none","transfer-encoding":"chunked"}
[debug] [2021-06-25T18:55:46.858Z] >>> [apiv2][query] GET https://us.gcr.io/v2/taboo-2f3dc/gcf/us-central1/tags/list [none]
[debug] [2021-06-25T18:55:46.859Z] <<< HTTP RESPONSE 200 {"cache-control":"no-cache, no-store, max-age=0, must-revalidate","date":"Fri, 25 Jun 2021 18:55:55 GMT","pragma":"no-cache","expires":"Mon, 01 Jan 1990 00:00:00 GMT","content-type":"application/json; charset=utf-8","vary":"X-Origin, Referer, Origin,Accept-Encoding","server":"scaffolding on HTTPServer2","x-xss-protection":"0","x-frame-options":"SAMEORIGIN","x-content-type-options":"nosniff","alt-svc":"h3=\":443\"; ma=2592000,h3-29=\":443\"; ma=2592000,h3-T051=\":443\"; ma=2592000,h3-Q050=\":443\"; ma=2592000,h3-Q046=\":443\"; ma=2592000,h3-Q043=\":443\"; ma=2592000,quic=\":443\"; ma=2592000; v=\"46,43\"","accept-ranges":"none","transfer-encoding":"chunked"}
[debug] [2021-06-25T18:55:46.872Z] >>> [apiv2][query] GET https://us.gcr.io/v2/taboo-2f3dc/gcf/us-central1/tags/list [none]
[debug] [2021-06-25T18:55:47.085Z] <<< [apiv2][status] GET https://us.gcr.io/v2/taboo-2f3dc/gcf/us-central1/tags/list 200
[debug] [2021-06-25T18:55:47.085Z] <<< [apiv2][body] GET https://us.gcr.io/v2/taboo-2f3dc/gcf/us-central1/tags/list {"child":[],"manifest":{},"name":"taboo-2f3dc/gcf/us-central1","tags":[]}
[debug] [2021-06-25T18:55:47.086Z] Could not find image for function projects/taboo-2f3dc/locations/us-central1/functions/joinGroup
[debug] [2021-06-25T18:55:47.118Z] <<< [apiv2][status] GET https://us.gcr.io/v2/taboo-2f3dc/gcf/us-central1/tags/list 200
[debug] [2021-06-25T18:55:47.118Z] <<< [apiv2][body] GET https://us.gcr.io/v2/taboo-2f3dc/gcf/us-central1/tags/list {"child":[],"manifest":{},"name":"taboo-2f3dc/gcf/us-central1","tags":[]}
[debug] [2021-06-25T18:55:47.118Z] Could not find image for function projects/taboo-2f3dc/locations/us-central1/functions/createNewGroupIfNeeded
[debug] [2021-06-25T18:55:47.119Z] <<< [apiv2][status] GET https://us.gcr.io/v2/taboo-2f3dc/gcf/us-central1/tags/list 200
[debug] [2021-06-25T18:55:47.120Z] <<< [apiv2][body] GET https://us.gcr.io/v2/taboo-2f3dc/gcf/us-central1/tags/list {"child":[],"manifest":{},"name":"taboo-2f3dc/gcf/us-central1","tags":[]}
[debug] [2021-06-25T18:55:47.120Z] Could not find image for function projects/taboo-2f3dc/locations/us-central1/functions/joinGame
[debug] [2021-06-25T18:55:47.121Z] <<< [apiv2][status] GET https://us.gcr.io/v2/taboo-2f3dc/gcf/us-central1/tags/list 200
[debug] [2021-06-25T18:55:47.121Z] <<< [apiv2][body] GET https://us.gcr.io/v2/taboo-2f3dc/gcf/us-central1/tags/list {"child":[],"manifest":{},"name":"taboo-2f3dc/gcf/us-central1","tags":[]}
[debug] [2021-06-25T18:55:47.121Z] Could not find image for function projects/taboo-2f3dc/locations/us-central1/functions/createNewGame
[debug] [2021-06-25T18:55:47.150Z] <<< [apiv2][status] GET https://us.gcr.io/v2/taboo-2f3dc/gcf/us-central1/tags/list 200
[debug] [2021-06-25T18:55:47.150Z] <<< [apiv2][body] GET https://us.gcr.io/v2/taboo-2f3dc/gcf/us-central1/tags/list {"child":[],"manifest":{},"name":"taboo-2f3dc/gcf/us-central1","tags":[]}
[debug] [2021-06-25T18:55:47.150Z] Could not find image for function projects/taboo-2f3dc/locations/us-central1/functions/createPlayerForNewUser
[debug] [2021-06-25T18:55:47.151Z] > refreshing access token with scopes: ["email","https://www.googleapis.com/auth/cloud-platform","https://www.googleapis.com/auth/cloudplatformprojects.readonly","https://www.googleapis.com/auth/firebase","openid"]
[debug] [2021-06-25T18:55:47.151Z] >>> HTTP REQUEST POST https://www.googleapis.com/oauth2/v3/token  
 <request body omitted>
[debug] [2021-06-25T18:55:47.251Z] <<< HTTP RESPONSE 200 {"date":"Fri, 25 Jun 2021 18:55:55 GMT","pragma":"no-cache","cache-control":"no-cache, no-store, max-age=0, must-revalidate","expires":"Mon, 01 Jan 1990 00:00:00 GMT","content-type":"application/json; charset=utf-8","vary":"X-Origin, Referer, Origin,Accept-Encoding","server":"scaffolding on HTTPServer2","x-xss-protection":"0","x-frame-options":"SAMEORIGIN","x-content-type-options":"nosniff","alt-svc":"h3=\":443\"; ma=2592000,h3-29=\":443\"; ma=2592000,h3-T051=\":443\"; ma=2592000,h3-Q050=\":443\"; ma=2592000,h3-Q046=\":443\"; ma=2592000,h3-Q043=\":443\"; ma=2592000,quic=\":443\"; ma=2592000; v=\"46,43\"","accept-ranges":"none","transfer-encoding":"chunked"}
[debug] [2021-06-25T18:55:47.265Z] >>> HTTP REQUEST GET https://cloudfunctions.googleapis.com/v1/projects/taboo-2f3dc/locations/-/functions  
 
[debug] [2021-06-25T18:55:47.678Z] <<< HTTP RESPONSE 200 {"content-type":"application/json; charset=UTF-8","vary":"X-Origin, Referer, Origin,Accept-Encoding","date":"Fri, 25 Jun 2021 18:55:55 GMT","server":"ESF","cache-control":"private","x-xss-protection":"0","x-frame-options":"SAMEORIGIN","x-content-type-options":"nosniff","alt-svc":"h3=\":443\"; ma=2592000,h3-29=\":443\"; ma=2592000,h3-T051=\":443\"; ma=2592000,h3-Q050=\":443\"; ma=2592000,h3-Q046=\":443\"; ma=2592000,h3-Q043=\":443\"; ma=2592000,quic=\":443\"; ma=2592000; v=\"46,43\"","accept-ranges":"none","transfer-encoding":"chunked"}
[info] 
Functions deploy had errors with the following functions:
[info] 	createNewGroupIfNeeded(us-central1)
[info] 
To try redeploying those functions, run:
[info]     firebase deploy --only "functions:createNewGroupIfNeeded"
[info] 
To continue deploying other features (such as database), run:
[info]     firebase deploy --except functions
[debug] [2021-06-25T18:55:47.681Z] 	Error during update for projects/taboo-2f3dc/locations/us-central1/functions/createNewGroupIfNeeded: HTTP Error: 400, Change of function trigger type or event provider is not allowed
[error] 
[error] Error: Functions did not deploy properly.
[debug] [2021-06-25T18:56:59.089Z] ----------------------------------------------------------------------
[debug] [2021-06-25T18:56:59.091Z] Command:       C:\Program Files\nodejs\node.exe C:\Program Files\nodejs\node_modules\firebase-tools\lib\bin\firebase.js deploy --debug --only functions:createNewGroupIfNeeded
[debug] [2021-06-25T18:56:59.091Z] CLI Version:   9.14.0
[debug] [2021-06-25T18:56:59.091Z] Platform:      win32
[debug] [2021-06-25T18:56:59.091Z] Node Version:  v16.2.0
[debug] [2021-06-25T18:56:59.092Z] Time:          Fri Jun 25 2021 11:56:59 GMT-0700 (Pacific Daylight Time)
[debug] [2021-06-25T18:56:59.092Z] ----------------------------------------------------------------------
[debug] 
[debug] [2021-06-25T18:56:59.101Z] > command requires scopes: ["email","openid","https://www.googleapis.com/auth/cloudplatformprojects.readonly","https://www.googleapis.com/auth/firebase","https://www.googleapis.com/auth/cloud-platform"]
[debug] [2021-06-25T18:56:59.102Z] > authorizing via signed-in user (manmon42@gmail.com)
[debug] [2021-06-25T18:56:59.103Z] [iam] checking project taboo-2f3dc for permissions ["cloudfunctions.functions.create","cloudfunctions.functions.delete","cloudfunctions.functions.get","cloudfunctions.functions.list","cloudfunctions.functions.update","cloudfunctions.operations.get","firebase.projects.get"]
[debug] [2021-06-25T18:56:59.105Z] >>> HTTP REQUEST POST https://cloudresourcemanager.googleapis.com/v1/projects/taboo-2f3dc:testIamPermissions  
 {"permissions":["cloudfunctions.functions.create","cloudfunctions.functions.delete","cloudfunctions.functions.get","cloudfunctions.functions.list","cloudfunctions.functions.update","cloudfunctions.operations.get","firebase.projects.get"]}
[debug] [2021-06-25T18:56:59.232Z] <<< HTTP RESPONSE 200 {"content-type":"application/json; charset=UTF-8","vary":"X-Origin, Referer, Origin,Accept-Encoding","date":"Fri, 25 Jun 2021 18:57:07 GMT","server":"ESF","cache-control":"private","x-xss-protection":"0","x-frame-options":"SAMEORIGIN","x-content-type-options":"nosniff","server-timing":"gfet4t7; dur=39","alt-svc":"h3=\":443\"; ma=2592000,h3-29=\":443\"; ma=2592000,h3-T051=\":443\"; ma=2592000,h3-Q050=\":443\"; ma=2592000,h3-Q046=\":443\"; ma=2592000,h3-Q043=\":443\"; ma=2592000,quic=\":443\"; ma=2592000; v=\"46,43\"","accept-ranges":"none","transfer-encoding":"chunked"}
[debug] [2021-06-25T18:56:59.234Z] >>> HTTP REQUEST POST https://iam.googleapis.com/v1/projects/taboo-2f3dc/serviceAccounts/taboo-2f3dc@appspot.gserviceaccount.com:testIamPermissions  
 {"permissions":["iam.serviceAccounts.actAs"]}
[debug] [2021-06-25T18:56:59.429Z] <<< HTTP RESPONSE 200 {"content-type":"application/json; charset=UTF-8","vary":"X-Origin, Referer, Origin,Accept-Encoding","date":"Fri, 25 Jun 2021 18:57:07 GMT","server":"ESF","cache-control":"private","x-xss-protection":"0","x-frame-options":"SAMEORIGIN","x-content-type-options":"nosniff","alt-svc":"h3=\":443\"; ma=2592000,h3-29=\":443\"; ma=2592000,h3-T051=\":443\"; ma=2592000,h3-Q050=\":443\"; ma=2592000,h3-Q046=\":443\"; ma=2592000,h3-Q043=\":443\"; ma=2592000,quic=\":443\"; ma=2592000; v=\"46,43\"","accept-ranges":"none","transfer-encoding":"chunked"}
[info] 
[info] === Deploying to 'taboo-2f3dc'...
[info] 
[info] i  deploying functions 
[info] Running command: npm --prefix "$RESOURCE_DIR" run build
[info] +  functions: Finished running predeploy script. 
[debug] [2021-06-25T18:57:07.979Z] Validating nodejs source
[debug] [2021-06-25T18:57:10.612Z] > [functions] package.json contents: {
  "name": "functions",
  "scripts": {
    "build": "tsc",
    "serve": "npm run build && firebase emulators:start --only functions",
    "shell": "npm run build && firebase functions:shell",
    "start": "npm run shell",
    "deploy": "firebase deploy --only functions",
    "logs": "firebase functions:log"
  },
  "engines": {
    "node": "14"
  },
  "main": "lib/index.js",
  "dependencies": {
    "firebase-admin": "^9.8.0",
    "firebase-functions": "^3.14.1"
  },
  "devDependencies": {
    "@firebase/app-types": "^0.6.2",
    "firebase-functions-test": "^0.2.0",
    "typescript": "^3.8.0"
  },
  "private": true
}
[debug] [2021-06-25T18:57:10.613Z] Building nodejs source
[info] i  functions: ensuring required API cloudfunctions.googleapis.com is enabled... 
[info] i  functions: ensuring required API cloudbuild.googleapis.com is enabled... 
[debug] [2021-06-25T18:57:10.615Z] >>> HTTP REQUEST GET https://serviceusage.googleapis.com/v1/projects/taboo-2f3dc/services/cloudfunctions.googleapis.com  
 
[debug] [2021-06-25T18:57:10.616Z] >>> HTTP REQUEST GET https://serviceusage.googleapis.com/v1/projects/taboo-2f3dc/services/runtimeconfig.googleapis.com  
 
[debug] [2021-06-25T18:57:10.616Z] >>> HTTP REQUEST GET https://serviceusage.googleapis.com/v1/projects/taboo-2f3dc/services/cloudbuild.googleapis.com  
 
[debug] [2021-06-25T18:57:11.087Z] <<< HTTP RESPONSE 200 {"content-type":"application/json; charset=UTF-8","vary":"X-Origin, Referer, Origin,Accept-Encoding","date":"Fri, 25 Jun 2021 18:57:19 GMT","server":"ESF","cache-control":"private","x-xss-protection":"0","x-frame-options":"SAMEORIGIN","x-content-type-options":"nosniff","alt-svc":"h3=\":443\"; ma=2592000,h3-29=\":443\"; ma=2592000,h3-T051=\":443\"; ma=2592000,h3-Q050=\":443\"; ma=2592000,h3-Q046=\":443\"; ma=2592000,h3-Q043=\":443\"; ma=2592000,quic=\":443\"; ma=2592000; v=\"46,43\"","accept-ranges":"none","transfer-encoding":"chunked"}
[info] +  functions: required API cloudbuild.googleapis.com is enabled 
[debug] [2021-06-25T18:57:11.091Z] <<< HTTP RESPONSE 200 {"content-type":"application/json; charset=UTF-8","vary":"X-Origin, Referer, Origin,Accept-Encoding","date":"Fri, 25 Jun 2021 18:57:19 GMT","server":"ESF","cache-control":"private","x-xss-protection":"0","x-frame-options":"SAMEORIGIN","x-content-type-options":"nosniff","alt-svc":"h3=\":443\"; ma=2592000,h3-29=\":443\"; ma=2592000,h3-T051=\":443\"; ma=2592000,h3-Q050=\":443\"; ma=2592000,h3-Q046=\":443\"; ma=2592000,h3-Q043=\":443\"; ma=2592000,quic=\":443\"; ma=2592000; v=\"46,43\"","accept-ranges":"none","transfer-encoding":"chunked"}
[debug] [2021-06-25T18:57:11.097Z] <<< HTTP RESPONSE 200 {"content-type":"application/json; charset=UTF-8","vary":"X-Origin, Referer, Origin,Accept-Encoding","date":"Fri, 25 Jun 2021 18:57:19 GMT","server":"ESF","cache-control":"private","x-xss-protection":"0","x-frame-options":"SAMEORIGIN","x-content-type-options":"nosniff","alt-svc":"h3=\":443\"; ma=2592000,h3-29=\":443\"; ma=2592000,h3-T051=\":443\"; ma=2592000,h3-Q050=\":443\"; ma=2592000,h3-Q046=\":443\"; ma=2592000,h3-Q043=\":443\"; ma=2592000,quic=\":443\"; ma=2592000; v=\"46,43\"","accept-ranges":"none","transfer-encoding":"chunked"}
[info] +  functions: required API cloudfunctions.googleapis.com is enabled 
[debug] [2021-06-25T18:57:11.098Z] >>> HTTP REQUEST GET https://firebase.googleapis.com/v1beta1/projects/taboo-2f3dc/adminSdkConfig  
 
[debug] [2021-06-25T18:57:11.289Z] <<< HTTP RESPONSE 200 {"content-type":"application/json; charset=UTF-8","vary":"X-Origin, Referer, Origin,Accept-Encoding","date":"Fri, 25 Jun 2021 18:57:19 GMT","server":"ESF","cache-control":"private","x-xss-protection":"0","x-frame-options":"SAMEORIGIN","x-content-type-options":"nosniff","alt-svc":"h3=\":443\"; ma=2592000,h3-29=\":443\"; ma=2592000,h3-T051=\":443\"; ma=2592000,h3-Q050=\":443\"; ma=2592000,h3-Q046=\":443\"; ma=2592000,h3-Q043=\":443\"; ma=2592000,quic=\":443\"; ma=2592000; v=\"46,43\"","accept-ranges":"none","transfer-encoding":"chunked"}
[debug] [2021-06-25T18:57:11.290Z] >>> HTTP REQUEST GET https://runtimeconfig.googleapis.com/v1beta1/projects/taboo-2f3dc/configs  
 
[debug] [2021-06-25T18:57:11.765Z] <<< HTTP RESPONSE 200 {"content-type":"application/json; charset=UTF-8","vary":"X-Origin, Referer, Origin,Accept-Encoding","date":"Fri, 25 Jun 2021 18:57:19 GMT","server":"ESF","cache-control":"private","x-xss-protection":"0","x-frame-options":"SAMEORIGIN","x-content-type-options":"nosniff","alt-svc":"h3=\":443\"; ma=2592000,h3-29=\":443\"; ma=2592000,h3-T051=\":443\"; ma=2592000,h3-Q050=\":443\"; ma=2592000,h3-Q046=\":443\"; ma=2592000,h3-Q043=\":443\"; ma=2592000,quic=\":443\"; ma=2592000; v=\"46,43\"","accept-ranges":"none","transfer-encoding":"chunked"}
[debug] [2021-06-25T18:57:11.766Z] Analyzing nodejs backend spec
[info] i  functions: preparing functions directory for uploading... 
[info] i  functions: packaged functions (35.65 KB) for uploading 
[debug] [2021-06-25T18:57:11.977Z] >>> HTTP REQUEST GET https://cloudfunctions.googleapis.com/v1/projects/taboo-2f3dc/locations/-/functions  
 
[debug] [2021-06-25T18:57:12.469Z] <<< HTTP RESPONSE 200 {"content-type":"application/json; charset=UTF-8","vary":"X-Origin, Referer, Origin,Accept-Encoding","date":"Fri, 25 Jun 2021 18:57:20 GMT","server":"ESF","cache-control":"private","x-xss-protection":"0","x-frame-options":"SAMEORIGIN","x-content-type-options":"nosniff","alt-svc":"h3=\":443\"; ma=2592000,h3-29=\":443\"; ma=2592000,h3-T051=\":443\"; ma=2592000,h3-Q050=\":443\"; ma=2592000,h3-Q046=\":443\"; ma=2592000,h3-Q043=\":443\"; ma=2592000,quic=\":443\"; ma=2592000; v=\"46,43\"","accept-ranges":"none","transfer-encoding":"chunked"}
[debug] [2021-06-25T18:57:12.472Z] >>> HTTP REQUEST POST https://cloudfunctions.googleapis.com/v1/projects/taboo-2f3dc/locations/us-central1/functions:generateUploadUrl  
 
[debug] [2021-06-25T18:57:12.995Z] <<< HTTP RESPONSE 200 {"content-type":"application/json; charset=UTF-8","vary":"X-Origin, Referer, Origin,Accept-Encoding","date":"Fri, 25 Jun 2021 18:57:21 GMT","server":"ESF","cache-control":"private","x-xss-protection":"0","x-frame-options":"SAMEORIGIN","x-content-type-options":"nosniff","alt-svc":"h3=\":443\"; ma=2592000,h3-29=\":443\"; ma=2592000,h3-T051=\":443\"; ma=2592000,h3-Q050=\":443\"; ma=2592000,h3-Q046=\":443\"; ma=2592000,h3-Q043=\":443\"; ma=2592000,quic=\":443\"; ma=2592000; v=\"46,43\"","accept-ranges":"none","transfer-encoding":"chunked"}
[debug] [2021-06-25T18:57:12.997Z] >>> HTTP REQUEST PUT https://storage.googleapis.com/gcf-upload-us-central1-6a9bccba-3f3b-42ac-a95d-d0f36ca36744/aa303599-5181-4ba4-93f0-e2a7927aab09.zip?GoogleAccessId=service-905475462943@gcf-admin-robot.iam.gserviceaccount.com&Expires=1624649241&Signature=SwyyCtpKGr6hr3n3g8zeCjUpdnaL9h2WQl9UKyXymQ600iFX1obrVz7BI9X65%2Fo57Qx92eO5EJdfxmoedQe1tMAGSkA%2BPKhCNQEvlT46H50XE8eevhs4WpO%2FVeXoCc9YojXRTlN53XLXqmwRdAh9dm7lyO4jQb3YIQCw9rC1p8KkoagVtJ442RHMxAWx5EEd8PC3BBUNgZJZ9wOmYZi38nqK1fNAR%2BCuFKlpK8%2BVJe8JVJLxXCtESfXqvhkbUiURnQ77IIRsFD4YLzambfo3bvNCMzXBccoQjxcywB2Vva%2BLu1CdeolFEC45ywdZKxyXWZ3HO1hrWQ9NjZkQQeMx7g%3D%3D  
 <request body omitted>
[debug] [2021-06-25T18:57:13.188Z] <<< HTTP RESPONSE 200 {"x-guploader-uploadid":"ABg5-Uw4HRksuH3-ehzSHXZHnHepFH5kDprrUA8xi8Joz2MaznB9oZ_xBRnYyZraeYCaq7q-yoKXKl-c9eqUtt1rStw","etag":"\"372d76809eb7d3041472586a2a36777f\"","x-goog-generation":"1624647441328155","x-goog-metageneration":"1","x-goog-hash":"crc32c=rvUFKA==, md5=Ny12gJ630wQUclhqKjZ3fw==","x-goog-stored-content-length":"36501","x-goog-stored-content-encoding":"identity","vary":"Origin","content-length":"0","date":"Fri, 25 Jun 2021 18:57:21 GMT","server":"UploadServer","content-type":"text/html; charset=UTF-8","alt-svc":"h3=\":443\"; ma=2592000,h3-29=\":443\"; ma=2592000,h3-T051=\":443\"; ma=2592000,h3-Q050=\":443\"; ma=2592000,h3-Q046=\":443\"; ma=2592000,h3-Q043=\":443\"; ma=2592000,quic=\":443\"; ma=2592000; v=\"46,43\""}
[info] +  functions: functions folder uploaded successfully 
[info] i  functions: creating Node.js 14 function createNewGroupIfNeeded(us-central1)... 
[debug] [2021-06-25T18:57:13.192Z] >>> HTTP REQUEST POST https://cloudfunctions.googleapis.com/v1/projects/taboo-2f3dc/locations/us-central1/functions  
 {"name":"projects/taboo-2f3dc/locations/us-central1/functions/createNewGroupIfNeeded","sourceUploadUrl":"https://storage.googleapis.com/gcf-upload-us-central1-6a9bccba-3f3b-42ac-a95d-d0f36ca36744/aa303599-5181-4ba4-93f0-e2a7927aab09.zip?GoogleAccessId=service-905475462943@gcf-admin-robot.iam.gserviceaccount.com&Expires=1624649241&Signature=SwyyCtpKGr6hr3n3g8zeCjUpdnaL9h2WQl9UKyXymQ600iFX1obrVz7BI9X65%2Fo57Qx92eO5EJdfxmoedQe1tMAGSkA%2BPKhCNQEvlT46H50XE8eevhs4WpO%2FVeXoCc9YojXRTlN53XLXqmwRdAh9dm7lyO4jQb3YIQCw9rC1p8KkoagVtJ442RHMxAWx5EEd8PC3BBUNgZJZ9wOmYZi38nqK1fNAR%2BCuFKlpK8%2BVJe8JVJLxXCtESfXqvhkbUiURnQ77IIRsFD4YLzambfo3bvNCMzXBccoQjxcywB2Vva%2BLu1CdeolFEC45ywdZKxyXWZ3HO1hrWQ9NjZkQQeMx7g%3D%3D","entryPoint":"createNewGroupIfNeeded","runtime":"nodejs14","eventTrigger":{"eventType":"providers/cloud.firestore/eventTypes/document.update","resource":"projects/taboo-2f3dc/databases/(default)/documents/games/{gameId}/groups/{groupId}"},"labels":{"deployment-tool":"cli-firebase"},"environmentVariables":{"FIREBASE_CONFIG":"{\"projectId\":\"taboo-2f3dc\",\"databaseURL\":\"https://taboo-2f3dc-default-rtdb.firebaseio.com\",\"storageBucket\":\"taboo-2f3dc.appspot.com\",\"locationId\":\"us-central\"}"}}
[debug] [2021-06-25T18:57:13.590Z] <<< HTTP RESPONSE 200 {"content-type":"application/json; charset=UTF-8","vary":"X-Origin, Referer, Origin,Accept-Encoding","date":"Fri, 25 Jun 2021 18:57:21 GMT","server":"ESF","cache-control":"private","x-xss-protection":"0","x-frame-options":"SAMEORIGIN","x-content-type-options":"nosniff","alt-svc":"h3=\":443\"; ma=2592000,h3-29=\":443\"; ma=2592000,h3-T051=\":443\"; ma=2592000,h3-Q050=\":443\"; ma=2592000,h3-Q046=\":443\"; ma=2592000,h3-Q043=\":443\"; ma=2592000,quic=\":443\"; ma=2592000; v=\"46,43\"","accept-ranges":"none","transfer-encoding":"chunked"}
[debug] [2021-06-25T18:57:13.594Z] > refreshing access token with scopes: []
[debug] [2021-06-25T18:57:13.594Z] >>> HTTP REQUEST POST https://www.googleapis.com/oauth2/v3/token  
 <request body omitted>
[debug] [2021-06-25T18:57:13.705Z] <<< HTTP RESPONSE 200 {"expires":"Mon, 01 Jan 1990 00:00:00 GMT","date":"Fri, 25 Jun 2021 18:57:21 GMT","cache-control":"no-cache, no-store, max-age=0, must-revalidate","pragma":"no-cache","content-type":"application/json; charset=utf-8","vary":"X-Origin, Referer, Origin,Accept-Encoding","server":"scaffolding on HTTPServer2","x-xss-protection":"0","x-frame-options":"SAMEORIGIN","x-content-type-options":"nosniff","alt-svc":"h3=\":443\"; ma=2592000,h3-29=\":443\"; ma=2592000,h3-T051=\":443\"; ma=2592000,h3-Q050=\":443\"; ma=2592000,h3-Q046=\":443\"; ma=2592000,h3-Q043=\":443\"; ma=2592000,quic=\":443\"; ma=2592000; v=\"46,43\"","accept-ranges":"none","transfer-encoding":"chunked"}
[debug] [2021-06-25T18:57:13.723Z] >>> [apiv2][query] GET https://cloudfunctions.googleapis.com/v1/operations/dGFib28tMmYzZGMvdXMtY2VudHJhbDEvY3JlYXRlTmV3R3JvdXBJZk5lZWRlZC9UTXJ3akhqWUU3Zw [none]
[debug] [2021-06-25T18:57:13.962Z] <<< [apiv2][status] GET https://cloudfunctions.googleapis.com/v1/operations/dGFib28tMmYzZGMvdXMtY2VudHJhbDEvY3JlYXRlTmV3R3JvdXBJZk5lZWRlZC9UTXJ3akhqWUU3Zw 200
[debug] [2021-06-25T18:57:13.962Z] <<< [apiv2][body] GET https://cloudfunctions.googleapis.com/v1/operations/dGFib28tMmYzZGMvdXMtY2VudHJhbDEvY3JlYXRlTmV3R3JvdXBJZk5lZWRlZC9UTXJ3akhqWUU3Zw {"name":"operations/dGFib28tMmYzZGMvdXMtY2VudHJhbDEvY3JlYXRlTmV3R3JvdXBJZk5lZWRlZC9UTXJ3akhqWUU3Zw","metadata":{"@type":"type.googleapis.com/google.cloud.functions.v1.OperationMetadataV1","target":"projects/taboo-2f3dc/locations/us-central1/functions/createNewGroupIfNeeded","type":"CREATE_FUNCTION","request":{"@type":"type.googleapis.com/google.cloud.functions.v1.CloudFunction","name":"projects/taboo-2f3dc/locations/us-central1/functions/createNewGroupIfNeeded","eventTrigger":{"eventType":"providers/cloud.firestore/eventTypes/document.update","resource":"projects/taboo-2f3dc/databases/(default)/documents/games/{gameId}/groups/{groupId}"},"entryPoint":"createNewGroupIfNeeded","labels":{"deployment-tool":"cli-firebase"},"sourceUploadUrl":"https://storage.googleapis.com/gcf-upload-us-central1-6a9bccba-3f3b-42ac-a95d-d0f36ca36744/aa303599-5181-4ba4-93f0-e2a7927aab09.zip?GoogleAccessId=service-905475462943@gcf-admin-robot.iam.gserviceaccount.com&Expires=1624649241&Signature=SwyyCtpKGr6hr3n3g8zeCjUpdnaL9h2WQl9UKyXymQ600iFX1obrVz7BI9X65%2Fo57Qx92eO5EJdfxmoedQe1tMAGSkA%2BPKhCNQEvlT46H50XE8eevhs4WpO%2FVeXoCc9YojXRTlN53XLXqmwRdAh9dm7lyO4jQb3YIQCw9rC1p8KkoagVtJ442RHMxAWx5EEd8PC3BBUNgZJZ9wOmYZi38nqK1fNAR%2BCuFKlpK8%2BVJe8JVJLxXCtESfXqvhkbUiURnQ77IIRsFD4YLzambfo3bvNCMzXBccoQjxcywB2Vva%2BLu1CdeolFEC45ywdZKxyXWZ3HO1hrWQ9NjZkQQeMx7g%3D%3D","environmentVariables":{"FIREBASE_CONFIG":"{\"projectId\":\"taboo-2f3dc\",\"databaseURL\":\"https://taboo-2f3dc-default-rtdb.firebaseio.com\",\"storageBucket\":\"taboo-2f3dc.appspot.com\",\"locationId\":\"us-central\"}"},"runtime":"nodejs14"},"versionId":"1","updateTime":"2021-06-25T18:57:21Z"}}
[debug] [2021-06-25T18:57:14.463Z] [create-projects/taboo-2f3dc/locations/us-central1/functions/createNewGroupIfNeeded] Retrying task index 0
[debug] [2021-06-25T18:57:14.464Z] >>> [apiv2][query] GET https://cloudfunctions.googleapis.com/v1/operations/dGFib28tMmYzZGMvdXMtY2VudHJhbDEvY3JlYXRlTmV3R3JvdXBJZk5lZWRlZC9UTXJ3akhqWUU3Zw [none]
[debug] [2021-06-25T18:57:14.700Z] <<< [apiv2][status] GET https://cloudfunctions.googleapis.com/v1/operations/dGFib28tMmYzZGMvdXMtY2VudHJhbDEvY3JlYXRlTmV3R3JvdXBJZk5lZWRlZC9UTXJ3akhqWUU3Zw 200
[debug] [2021-06-25T18:57:14.700Z] <<< [apiv2][body] GET https://cloudfunctions.googleapis.com/v1/operations/dGFib28tMmYzZGMvdXMtY2VudHJhbDEvY3JlYXRlTmV3R3JvdXBJZk5lZWRlZC9UTXJ3akhqWUU3Zw {"name":"operations/dGFib28tMmYzZGMvdXMtY2VudHJhbDEvY3JlYXRlTmV3R3JvdXBJZk5lZWRlZC9UTXJ3akhqWUU3Zw","metadata":{"@type":"type.googleapis.com/google.cloud.functions.v1.OperationMetadataV1","target":"projects/taboo-2f3dc/locations/us-central1/functions/createNewGroupIfNeeded","type":"CREATE_FUNCTION","request":{"@type":"type.googleapis.com/google.cloud.functions.v1.CloudFunction","name":"projects/taboo-2f3dc/locations/us-central1/functions/createNewGroupIfNeeded","eventTrigger":{"eventType":"providers/cloud.firestore/eventTypes/document.update","resource":"projects/taboo-2f3dc/databases/(default)/documents/games/{gameId}/groups/{groupId}"},"entryPoint":"createNewGroupIfNeeded","labels":{"deployment-tool":"cli-firebase"},"sourceUploadUrl":"https://storage.googleapis.com/gcf-upload-us-central1-6a9bccba-3f3b-42ac-a95d-d0f36ca36744/aa303599-5181-4ba4-93f0-e2a7927aab09.zip?GoogleAccessId=service-905475462943@gcf-admin-robot.iam.gserviceaccount.com&Expires=1624649241&Signature=SwyyCtpKGr6hr3n3g8zeCjUpdnaL9h2WQl9UKyXymQ600iFX1obrVz7BI9X65%2Fo57Qx92eO5EJdfxmoedQe1tMAGSkA%2BPKhCNQEvlT46H50XE8eevhs4WpO%2FVeXoCc9YojXRTlN53XLXqmwRdAh9dm7lyO4jQb3YIQCw9rC1p8KkoagVtJ442RHMxAWx5EEd8PC3BBUNgZJZ9wOmYZi38nqK1fNAR%2BCuFKlpK8%2BVJe8JVJLxXCtESfXqvhkbUiURnQ77IIRsFD4YLzambfo3bvNCMzXBccoQjxcywB2Vva%2BLu1CdeolFEC45ywdZKxyXWZ3HO1hrWQ9NjZkQQeMx7g%3D%3D","environmentVariables":{"FIREBASE_CONFIG":"{\"projectId\":\"taboo-2f3dc\",\"databaseURL\":\"https://taboo-2f3dc-default-rtdb.firebaseio.com\",\"storageBucket\":\"taboo-2f3dc.appspot.com\",\"locationId\":\"us-central\"}"},"runtime":"nodejs14"},"versionId":"1","updateTime":"2021-06-25T18:57:21Z","buildId":"b80909c9-bafc-4d9f-9736-ef9c80564f42","buildName":"projects/905475462943/locations/us-central1/builds/b80909c9-bafc-4d9f-9736-ef9c80564f42"}}
[debug] [2021-06-25T18:57:15.703Z] [create-projects/taboo-2f3dc/locations/us-central1/functions/createNewGroupIfNeeded] Retrying task index 0
[debug] [2021-06-25T18:57:15.704Z] >>> [apiv2][query] GET https://cloudfunctions.googleapis.com/v1/operations/dGFib28tMmYzZGMvdXMtY2VudHJhbDEvY3JlYXRlTmV3R3JvdXBJZk5lZWRlZC9UTXJ3akhqWUU3Zw [none]
[debug] [2021-06-25T18:57:15.928Z] <<< [apiv2][status] GET https://cloudfunctions.googleapis.com/v1/operations/dGFib28tMmYzZGMvdXMtY2VudHJhbDEvY3JlYXRlTmV3R3JvdXBJZk5lZWRlZC9UTXJ3akhqWUU3Zw 200
[debug] [2021-06-25T18:57:15.928Z] <<< [apiv2][body] GET https://cloudfunctions.googleapis.com/v1/operations/dGFib28tMmYzZGMvdXMtY2VudHJhbDEvY3JlYXRlTmV3R3JvdXBJZk5lZWRlZC9UTXJ3akhqWUU3Zw {"name":"operations/dGFib28tMmYzZGMvdXMtY2VudHJhbDEvY3JlYXRlTmV3R3JvdXBJZk5lZWRlZC9UTXJ3akhqWUU3Zw","metadata":{"@type":"type.googleapis.com/google.cloud.functions.v1.OperationMetadataV1","target":"projects/taboo-2f3dc/locations/us-central1/functions/createNewGroupIfNeeded","type":"CREATE_FUNCTION","request":{"@type":"type.googleapis.com/google.cloud.functions.v1.CloudFunction","name":"projects/taboo-2f3dc/locations/us-central1/functions/createNewGroupIfNeeded","eventTrigger":{"eventType":"providers/cloud.firestore/eventTypes/document.update","resource":"projects/taboo-2f3dc/databases/(default)/documents/games/{gameId}/groups/{groupId}"},"entryPoint":"createNewGroupIfNeeded","labels":{"deployment-tool":"cli-firebase"},"sourceUploadUrl":"https://storage.googleapis.com/gcf-upload-us-central1-6a9bccba-3f3b-42ac-a95d-d0f36ca36744/aa303599-5181-4ba4-93f0-e2a7927aab09.zip?GoogleAccessId=service-905475462943@gcf-admin-robot.iam.gserviceaccount.com&Expires=1624649241&Signature=SwyyCtpKGr6hr3n3g8zeCjUpdnaL9h2WQl9UKyXymQ600iFX1obrVz7BI9X65%2Fo57Qx92eO5EJdfxmoedQe1tMAGSkA%2BPKhCNQEvlT46H50XE8eevhs4WpO%2FVeXoCc9YojXRTlN53XLXqmwRdAh9dm7lyO4jQb3YIQCw9rC1p8KkoagVtJ442RHMxAWx5EEd8PC3BBUNgZJZ9wOmYZi38nqK1fNAR%2BCuFKlpK8%2BVJe8JVJLxXCtESfXqvhkbUiURnQ77IIRsFD4YLzambfo3bvNCMzXBccoQjxcywB2Vva%2BLu1CdeolFEC45ywdZKxyXWZ3HO1hrWQ9NjZkQQeMx7g%3D%3D","environmentVariables":{"FIREBASE_CONFIG":"{\"projectId\":\"taboo-2f3dc\",\"databaseURL\":\"https://taboo-2f3dc-default-rtdb.firebaseio.com\",\"storageBucket\":\"taboo-2f3dc.appspot.com\",\"locationId\":\"us-central\"}"},"runtime":"nodejs14"},"versionId":"1","updateTime":"2021-06-25T18:57:21Z","buildId":"b80909c9-bafc-4d9f-9736-ef9c80564f42","buildName":"projects/905475462943/locations/us-central1/builds/b80909c9-bafc-4d9f-9736-ef9c80564f42"}}
[debug] [2021-06-25T18:57:17.929Z] [create-projects/taboo-2f3dc/locations/us-central1/functions/createNewGroupIfNeeded] Retrying task index 0
[debug] [2021-06-25T18:57:17.930Z] >>> [apiv2][query] GET https://cloudfunctions.googleapis.com/v1/operations/dGFib28tMmYzZGMvdXMtY2VudHJhbDEvY3JlYXRlTmV3R3JvdXBJZk5lZWRlZC9UTXJ3akhqWUU3Zw [none]
[debug] [2021-06-25T18:57:18.152Z] <<< [apiv2][status] GET https://cloudfunctions.googleapis.com/v1/operations/dGFib28tMmYzZGMvdXMtY2VudHJhbDEvY3JlYXRlTmV3R3JvdXBJZk5lZWRlZC9UTXJ3akhqWUU3Zw 200
[debug] [2021-06-25T18:57:18.152Z] <<< [apiv2][body] GET https://cloudfunctions.googleapis.com/v1/operations/dGFib28tMmYzZGMvdXMtY2VudHJhbDEvY3JlYXRlTmV3R3JvdXBJZk5lZWRlZC9UTXJ3akhqWUU3Zw {"name":"operations/dGFib28tMmYzZGMvdXMtY2VudHJhbDEvY3JlYXRlTmV3R3JvdXBJZk5lZWRlZC9UTXJ3akhqWUU3Zw","metadata":{"@type":"type.googleapis.com/google.cloud.functions.v1.OperationMetadataV1","target":"projects/taboo-2f3dc/locations/us-central1/functions/createNewGroupIfNeeded","type":"CREATE_FUNCTION","request":{"@type":"type.googleapis.com/google.cloud.functions.v1.CloudFunction","name":"projects/taboo-2f3dc/locations/us-central1/functions/createNewGroupIfNeeded","eventTrigger":{"eventType":"providers/cloud.firestore/eventTypes/document.update","resource":"projects/taboo-2f3dc/databases/(default)/documents/games/{gameId}/groups/{groupId}"},"entryPoint":"createNewGroupIfNeeded","labels":{"deployment-tool":"cli-firebase"},"sourceUploadUrl":"https://storage.googleapis.com/gcf-upload-us-central1-6a9bccba-3f3b-42ac-a95d-d0f36ca36744/aa303599-5181-4ba4-93f0-e2a7927aab09.zip?GoogleAccessId=service-905475462943@gcf-admin-robot.iam.gserviceaccount.com&Expires=1624649241&Signature=SwyyCtpKGr6hr3n3g8zeCjUpdnaL9h2WQl9UKyXymQ600iFX1obrVz7BI9X65%2Fo57Qx92eO5EJdfxmoedQe1tMAGSkA%2BPKhCNQEvlT46H50XE8eevhs4WpO%2FVeXoCc9YojXRTlN53XLXqmwRdAh9dm7lyO4jQb3YIQCw9rC1p8KkoagVtJ442RHMxAWx5EEd8PC3BBUNgZJZ9wOmYZi38nqK1fNAR%2BCuFKlpK8%2BVJe8JVJLxXCtESfXqvhkbUiURnQ77IIRsFD4YLzambfo3bvNCMzXBccoQjxcywB2Vva%2BLu1CdeolFEC45ywdZKxyXWZ3HO1hrWQ9NjZkQQeMx7g%3D%3D","environmentVariables":{"FIREBASE_CONFIG":"{\"projectId\":\"taboo-2f3dc\",\"databaseURL\":\"https://taboo-2f3dc-default-rtdb.firebaseio.com\",\"storageBucket\":\"taboo-2f3dc.appspot.com\",\"locationId\":\"us-central\"}"},"runtime":"nodejs14"},"versionId":"1","updateTime":"2021-06-25T18:57:21Z","buildId":"b80909c9-bafc-4d9f-9736-ef9c80564f42","buildName":"projects/905475462943/locations/us-central1/builds/b80909c9-bafc-4d9f-9736-ef9c80564f42"}}
[debug] [2021-06-25T18:57:22.154Z] [create-projects/taboo-2f3dc/locations/us-central1/functions/createNewGroupIfNeeded] Retrying task index 0
[debug] [2021-06-25T18:57:22.155Z] >>> [apiv2][query] GET https://cloudfunctions.googleapis.com/v1/operations/dGFib28tMmYzZGMvdXMtY2VudHJhbDEvY3JlYXRlTmV3R3JvdXBJZk5lZWRlZC9UTXJ3akhqWUU3Zw [none]
[debug] [2021-06-25T18:57:22.367Z] <<< [apiv2][status] GET https://cloudfunctions.googleapis.com/v1/operations/dGFib28tMmYzZGMvdXMtY2VudHJhbDEvY3JlYXRlTmV3R3JvdXBJZk5lZWRlZC9UTXJ3akhqWUU3Zw 200
[debug] [2021-06-25T18:57:22.367Z] <<< [apiv2][body] GET https://cloudfunctions.googleapis.com/v1/operations/dGFib28tMmYzZGMvdXMtY2VudHJhbDEvY3JlYXRlTmV3R3JvdXBJZk5lZWRlZC9UTXJ3akhqWUU3Zw {"name":"operations/dGFib28tMmYzZGMvdXMtY2VudHJhbDEvY3JlYXRlTmV3R3JvdXBJZk5lZWRlZC9UTXJ3akhqWUU3Zw","metadata":{"@type":"type.googleapis.com/google.cloud.functions.v1.OperationMetadataV1","target":"projects/taboo-2f3dc/locations/us-central1/functions/createNewGroupIfNeeded","type":"CREATE_FUNCTION","request":{"@type":"type.googleapis.com/google.cloud.functions.v1.CloudFunction","name":"projects/taboo-2f3dc/locations/us-central1/functions/createNewGroupIfNeeded","eventTrigger":{"eventType":"providers/cloud.firestore/eventTypes/document.update","resource":"projects/taboo-2f3dc/databases/(default)/documents/games/{gameId}/groups/{groupId}"},"entryPoint":"createNewGroupIfNeeded","labels":{"deployment-tool":"cli-firebase"},"sourceUploadUrl":"https://storage.googleapis.com/gcf-upload-us-central1-6a9bccba-3f3b-42ac-a95d-d0f36ca36744/aa303599-5181-4ba4-93f0-e2a7927aab09.zip?GoogleAccessId=service-905475462943@gcf-admin-robot.iam.gserviceaccount.com&Expires=1624649241&Signature=SwyyCtpKGr6hr3n3g8zeCjUpdnaL9h2WQl9UKyXymQ600iFX1obrVz7BI9X65%2Fo57Qx92eO5EJdfxmoedQe1tMAGSkA%2BPKhCNQEvlT46H50XE8eevhs4WpO%2FVeXoCc9YojXRTlN53XLXqmwRdAh9dm7lyO4jQb3YIQCw9rC1p8KkoagVtJ442RHMxAWx5EEd8PC3BBUNgZJZ9wOmYZi38nqK1fNAR%2BCuFKlpK8%2BVJe8JVJLxXCtESfXqvhkbUiURnQ77IIRsFD4YLzambfo3bvNCMzXBccoQjxcywB2Vva%2BLu1CdeolFEC45ywdZKxyXWZ3HO1hrWQ9NjZkQQeMx7g%3D%3D","environmentVariables":{"FIREBASE_CONFIG":"{\"projectId\":\"taboo-2f3dc\",\"databaseURL\":\"https://taboo-2f3dc-default-rtdb.firebaseio.com\",\"storageBucket\":\"taboo-2f3dc.appspot.com\",\"locationId\":\"us-central\"}"},"runtime":"nodejs14"},"versionId":"1","updateTime":"2021-06-25T18:57:21Z","buildId":"b80909c9-bafc-4d9f-9736-ef9c80564f42","buildName":"projects/905475462943/locations/us-central1/builds/b80909c9-bafc-4d9f-9736-ef9c80564f42"}}
[debug] [2021-06-25T18:57:30.369Z] [create-projects/taboo-2f3dc/locations/us-central1/functions/createNewGroupIfNeeded] Retrying task index 0
[debug] [2021-06-25T18:57:30.370Z] >>> [apiv2][query] GET https://cloudfunctions.googleapis.com/v1/operations/dGFib28tMmYzZGMvdXMtY2VudHJhbDEvY3JlYXRlTmV3R3JvdXBJZk5lZWRlZC9UTXJ3akhqWUU3Zw [none]
[debug] [2021-06-25T18:57:30.551Z] <<< [apiv2][status] GET https://cloudfunctions.googleapis.com/v1/operations/dGFib28tMmYzZGMvdXMtY2VudHJhbDEvY3JlYXRlTmV3R3JvdXBJZk5lZWRlZC9UTXJ3akhqWUU3Zw 200
[debug] [2021-06-25T18:57:30.552Z] <<< [apiv2][body] GET https://cloudfunctions.googleapis.com/v1/operations/dGFib28tMmYzZGMvdXMtY2VudHJhbDEvY3JlYXRlTmV3R3JvdXBJZk5lZWRlZC9UTXJ3akhqWUU3Zw {"name":"operations/dGFib28tMmYzZGMvdXMtY2VudHJhbDEvY3JlYXRlTmV3R3JvdXBJZk5lZWRlZC9UTXJ3akhqWUU3Zw","metadata":{"@type":"type.googleapis.com/google.cloud.functions.v1.OperationMetadataV1","target":"projects/taboo-2f3dc/locations/us-central1/functions/createNewGroupIfNeeded","type":"CREATE_FUNCTION","request":{"@type":"type.googleapis.com/google.cloud.functions.v1.CloudFunction","name":"projects/taboo-2f3dc/locations/us-central1/functions/createNewGroupIfNeeded","eventTrigger":{"eventType":"providers/cloud.firestore/eventTypes/document.update","resource":"projects/taboo-2f3dc/databases/(default)/documents/games/{gameId}/groups/{groupId}"},"entryPoint":"createNewGroupIfNeeded","labels":{"deployment-tool":"cli-firebase"},"sourceUploadUrl":"https://storage.googleapis.com/gcf-upload-us-central1-6a9bccba-3f3b-42ac-a95d-d0f36ca36744/aa303599-5181-4ba4-93f0-e2a7927aab09.zip?GoogleAccessId=service-905475462943@gcf-admin-robot.iam.gserviceaccount.com&Expires=1624649241&Signature=SwyyCtpKGr6hr3n3g8zeCjUpdnaL9h2WQl9UKyXymQ600iFX1obrVz7BI9X65%2Fo57Qx92eO5EJdfxmoedQe1tMAGSkA%2BPKhCNQEvlT46H50XE8eevhs4WpO%2FVeXoCc9YojXRTlN53XLXqmwRdAh9dm7lyO4jQb3YIQCw9rC1p8KkoagVtJ442RHMxAWx5EEd8PC3BBUNgZJZ9wOmYZi38nqK1fNAR%2BCuFKlpK8%2BVJe8JVJLxXCtESfXqvhkbUiURnQ77IIRsFD4YLzambfo3bvNCMzXBccoQjxcywB2Vva%2BLu1CdeolFEC45ywdZKxyXWZ3HO1hrWQ9NjZkQQeMx7g%3D%3D","environmentVariables":{"FIREBASE_CONFIG":"{\"projectId\":\"taboo-2f3dc\",\"databaseURL\":\"https://taboo-2f3dc-default-rtdb.firebaseio.com\",\"storageBucket\":\"taboo-2f3dc.appspot.com\",\"locationId\":\"us-central\"}"},"runtime":"nodejs14"},"versionId":"1","updateTime":"2021-06-25T18:57:21Z","buildId":"b80909c9-bafc-4d9f-9736-ef9c80564f42","buildName":"projects/905475462943/locations/us-central1/builds/b80909c9-bafc-4d9f-9736-ef9c80564f42"}}
[debug] [2021-06-25T18:57:46.552Z] [create-projects/taboo-2f3dc/locations/us-central1/functions/createNewGroupIfNeeded] Retrying task index 0
[debug] [2021-06-25T18:57:46.552Z] >>> [apiv2][query] GET https://cloudfunctions.googleapis.com/v1/operations/dGFib28tMmYzZGMvdXMtY2VudHJhbDEvY3JlYXRlTmV3R3JvdXBJZk5lZWRlZC9UTXJ3akhqWUU3Zw [none]
[debug] [2021-06-25T18:57:46.771Z] <<< [apiv2][status] GET https://cloudfunctions.googleapis.com/v1/operations/dGFib28tMmYzZGMvdXMtY2VudHJhbDEvY3JlYXRlTmV3R3JvdXBJZk5lZWRlZC9UTXJ3akhqWUU3Zw 200
[debug] [2021-06-25T18:57:46.771Z] <<< [apiv2][body] GET https://cloudfunctions.googleapis.com/v1/operations/dGFib28tMmYzZGMvdXMtY2VudHJhbDEvY3JlYXRlTmV3R3JvdXBJZk5lZWRlZC9UTXJ3akhqWUU3Zw {"name":"operations/dGFib28tMmYzZGMvdXMtY2VudHJhbDEvY3JlYXRlTmV3R3JvdXBJZk5lZWRlZC9UTXJ3akhqWUU3Zw","metadata":{"@type":"type.googleapis.com/google.cloud.functions.v1.OperationMetadataV1","target":"projects/taboo-2f3dc/locations/us-central1/functions/createNewGroupIfNeeded","type":"CREATE_FUNCTION","request":{"@type":"type.googleapis.com/google.cloud.functions.v1.CloudFunction","name":"projects/taboo-2f3dc/locations/us-central1/functions/createNewGroupIfNeeded","eventTrigger":{"eventType":"providers/cloud.firestore/eventTypes/document.update","resource":"projects/taboo-2f3dc/databases/(default)/documents/games/{gameId}/groups/{groupId}"},"entryPoint":"createNewGroupIfNeeded","labels":{"deployment-tool":"cli-firebase"},"sourceUploadUrl":"https://storage.googleapis.com/gcf-upload-us-central1-6a9bccba-3f3b-42ac-a95d-d0f36ca36744/aa303599-5181-4ba4-93f0-e2a7927aab09.zip?GoogleAccessId=service-905475462943@gcf-admin-robot.iam.gserviceaccount.com&Expires=1624649241&Signature=SwyyCtpKGr6hr3n3g8zeCjUpdnaL9h2WQl9UKyXymQ600iFX1obrVz7BI9X65%2Fo57Qx92eO5EJdfxmoedQe1tMAGSkA%2BPKhCNQEvlT46H50XE8eevhs4WpO%2FVeXoCc9YojXRTlN53XLXqmwRdAh9dm7lyO4jQb3YIQCw9rC1p8KkoagVtJ442RHMxAWx5EEd8PC3BBUNgZJZ9wOmYZi38nqK1fNAR%2BCuFKlpK8%2BVJe8JVJLxXCtESfXqvhkbUiURnQ77IIRsFD4YLzambfo3bvNCMzXBccoQjxcywB2Vva%2BLu1CdeolFEC45ywdZKxyXWZ3HO1hrWQ9NjZkQQeMx7g%3D%3D","environmentVariables":{"FIREBASE_CONFIG":"{\"projectId\":\"taboo-2f3dc\",\"databaseURL\":\"https://taboo-2f3dc-default-rtdb.firebaseio.com\",\"storageBucket\":\"taboo-2f3dc.appspot.com\",\"locationId\":\"us-central\"}"},"runtime":"nodejs14"},"versionId":"1","updateTime":"2021-06-25T18:57:21Z","buildId":"b80909c9-bafc-4d9f-9736-ef9c80564f42","buildName":"projects/905475462943/locations/us-central1/builds/b80909c9-bafc-4d9f-9736-ef9c80564f42"}}
[debug] [2021-06-25T18:58:18.774Z] [create-projects/taboo-2f3dc/locations/us-central1/functions/createNewGroupIfNeeded] Retrying task index 0
[debug] [2021-06-25T18:58:18.775Z] >>> [apiv2][query] GET https://cloudfunctions.googleapis.com/v1/operations/dGFib28tMmYzZGMvdXMtY2VudHJhbDEvY3JlYXRlTmV3R3JvdXBJZk5lZWRlZC9UTXJ3akhqWUU3Zw [none]
[debug] [2021-06-25T18:58:19.005Z] <<< [apiv2][status] GET https://cloudfunctions.googleapis.com/v1/operations/dGFib28tMmYzZGMvdXMtY2VudHJhbDEvY3JlYXRlTmV3R3JvdXBJZk5lZWRlZC9UTXJ3akhqWUU3Zw 200
[debug] [2021-06-25T18:58:19.005Z] <<< [apiv2][body] GET https://cloudfunctions.googleapis.com/v1/operations/dGFib28tMmYzZGMvdXMtY2VudHJhbDEvY3JlYXRlTmV3R3JvdXBJZk5lZWRlZC9UTXJ3akhqWUU3Zw {"name":"operations/dGFib28tMmYzZGMvdXMtY2VudHJhbDEvY3JlYXRlTmV3R3JvdXBJZk5lZWRlZC9UTXJ3akhqWUU3Zw","metadata":{"@type":"type.googleapis.com/google.cloud.functions.v1.OperationMetadataV1","target":"projects/taboo-2f3dc/locations/us-central1/functions/createNewGroupIfNeeded","type":"CREATE_FUNCTION","request":{"@type":"type.googleapis.com/google.cloud.functions.v1.CloudFunction","name":"projects/taboo-2f3dc/locations/us-central1/functions/createNewGroupIfNeeded","eventTrigger":{"eventType":"providers/cloud.firestore/eventTypes/document.update","resource":"projects/taboo-2f3dc/databases/(default)/documents/games/{gameId}/groups/{groupId}"},"entryPoint":"createNewGroupIfNeeded","labels":{"deployment-tool":"cli-firebase"},"sourceUploadUrl":"https://storage.googleapis.com/gcf-upload-us-central1-6a9bccba-3f3b-42ac-a95d-d0f36ca36744/aa303599-5181-4ba4-93f0-e2a7927aab09.zip?GoogleAccessId=service-905475462943@gcf-admin-robot.iam.gserviceaccount.com&Expires=1624649241&Signature=SwyyCtpKGr6hr3n3g8zeCjUpdnaL9h2WQl9UKyXymQ600iFX1obrVz7BI9X65%2Fo57Qx92eO5EJdfxmoedQe1tMAGSkA%2BPKhCNQEvlT46H50XE8eevhs4WpO%2FVeXoCc9YojXRTlN53XLXqmwRdAh9dm7lyO4jQb3YIQCw9rC1p8KkoagVtJ442RHMxAWx5EEd8PC3BBUNgZJZ9wOmYZi38nqK1fNAR%2BCuFKlpK8%2BVJe8JVJLxXCtESfXqvhkbUiURnQ77IIRsFD4YLzambfo3bvNCMzXBccoQjxcywB2Vva%2BLu1CdeolFEC45ywdZKxyXWZ3HO1hrWQ9NjZkQQeMx7g%3D%3D","environmentVariables":{"FIREBASE_CONFIG":"{\"projectId\":\"taboo-2f3dc\",\"databaseURL\":\"https://taboo-2f3dc-default-rtdb.firebaseio.com\",\"storageBucket\":\"taboo-2f3dc.appspot.com\",\"locationId\":\"us-central\"}"},"runtime":"nodejs14"},"versionId":"1","updateTime":"2021-06-25T18:58:22Z","buildId":"b80909c9-bafc-4d9f-9736-ef9c80564f42","sourceToken":"01b2a49f-d869-4d95-8384-a58ee11d143a","buildName":"projects/905475462943/locations/us-central1/builds/b80909c9-bafc-4d9f-9736-ef9c80564f42"},"done":true,"response":{"@type":"type.googleapis.com/google.cloud.functions.v1.CloudFunction","name":"projects/taboo-2f3dc/locations/us-central1/functions/createNewGroupIfNeeded","eventTrigger":{"eventType":"providers/cloud.firestore/eventTypes/document.update","resource":"projects/taboo-2f3dc/databases/(default)/documents/games/{gameId}/groups/{groupId}","service":"firestore.googleapis.com","failurePolicy":{}},"status":"ACTIVE","entryPoint":"createNewGroupIfNeeded","timeout":"60s","availableMemoryMb":256,"serviceAccountEmail":"taboo-2f3dc@appspot.gserviceaccount.com","updateTime":"2021-06-25T18:58:22.750Z","versionId":"1","labels":{"deployment-tool":"cli-firebase"},"sourceUploadUrl":"https://storage.googleapis.com/gcf-upload-us-central1-6a9bccba-3f3b-42ac-a95d-d0f36ca36744/aa303599-5181-4ba4-93f0-e2a7927aab09.zip?GoogleAccessId=service-905475462943@gcf-admin-robot.iam.gserviceaccount.com&Expires=1624649241&Signature=SwyyCtpKGr6hr3n3g8zeCjUpdnaL9h2WQl9UKyXymQ600iFX1obrVz7BI9X65%2Fo57Qx92eO5EJdfxmoedQe1tMAGSkA%2BPKhCNQEvlT46H50XE8eevhs4WpO%2FVeXoCc9YojXRTlN53XLXqmwRdAh9dm7lyO4jQb3YIQCw9rC1p8KkoagVtJ442RHMxAWx5EEd8PC3BBUNgZJZ9wOmYZi38nqK1fNAR%2BCuFKlpK8%2BVJe8JVJLxXCtESfXqvhkbUiURnQ77IIRsFD4YLzambfo3bvNCMzXBccoQjxcywB2Vva%2BLu1CdeolFEC45ywdZKxyXWZ3HO1hrWQ9NjZkQQeMx7g%3D%3D","environmentVariables":{"FIREBASE_CONFIG":"{\"projectId\":\"taboo-2f3dc\",\"databaseURL\":\"https://taboo-2f3dc-default-rtdb.firebaseio.com\",\"storageBucket\":\"taboo-2f3dc.appspot.com\",\"locationId\":\"us-central\"}"},"runtime":"nodejs14","ingressSettings":"ALLOW_ALL","buildId":"b80909c9-bafc-4d9f-9736-ef9c80564f42"}}
[debug] [2021-06-25T18:58:19.006Z] Got sourceToken 01b2a49f-d869-4d95-8384-a58ee11d143a for region us-central1
[info] +  functions[createNewGroupIfNeeded(us-central1)]: Successful create operation.  
[debug] [2021-06-25T18:58:19.009Z] Total Function Deployment time: 65818
[debug] [2021-06-25T18:58:19.009Z] 1 Functions Deployed
[debug] [2021-06-25T18:58:19.009Z] 0 Functions Errored
[debug] [2021-06-25T18:58:19.010Z] Average Function Deployment time: 65818
[info] i  functions: cleaning up build files... 
[debug] [2021-06-25T18:58:19.012Z] >>> [apiv2][query] GET https://us.gcr.io/v2/taboo-2f3dc/gcf/us-central1/tags/list [none]
[debug] [2021-06-25T18:58:19.013Z] >>> [apiv2][query] GET https://us.gcr.io/v2/taboo-2f3dc/gcf/us-central1/tags/list [none]
[debug] [2021-06-25T18:58:19.013Z] >>> [apiv2][query] GET https://us.gcr.io/v2/taboo-2f3dc/gcf/us-central1/tags/list [none]
[debug] [2021-06-25T18:58:19.016Z] >>> [apiv2][query] GET https://us.gcr.io/v2/taboo-2f3dc/gcf/us-central1/tags/list [none]
[debug] [2021-06-25T18:58:19.017Z] >>> [apiv2][query] GET https://us.gcr.io/v2/taboo-2f3dc/gcf/us-central1/tags/list [none]
[debug] [2021-06-25T18:58:19.279Z] <<< [apiv2][status] GET https://us.gcr.io/v2/taboo-2f3dc/gcf/us-central1/tags/list 200
[debug] [2021-06-25T18:58:19.279Z] <<< [apiv2][body] GET https://us.gcr.io/v2/taboo-2f3dc/gcf/us-central1/tags/list {"child":["7cd35e1a-1883-42ab-b393-1b1333e2cda2"],"manifest":{},"name":"taboo-2f3dc/gcf/us-central1","tags":[]}
[debug] [2021-06-25T18:58:19.280Z] >>> [apiv2][query] GET https://us.gcr.io/v2/taboo-2f3dc/gcf/us-central1/7cd35e1a-1883-42ab-b393-1b1333e2cda2/tags/list [none]
[debug] [2021-06-25T18:58:19.283Z] <<< [apiv2][status] GET https://us.gcr.io/v2/taboo-2f3dc/gcf/us-central1/tags/list 200
[debug] [2021-06-25T18:58:19.283Z] <<< [apiv2][body] GET https://us.gcr.io/v2/taboo-2f3dc/gcf/us-central1/tags/list {"child":["7cd35e1a-1883-42ab-b393-1b1333e2cda2"],"manifest":{},"name":"taboo-2f3dc/gcf/us-central1","tags":[]}
[debug] [2021-06-25T18:58:19.284Z] >>> [apiv2][query] GET https://us.gcr.io/v2/taboo-2f3dc/gcf/us-central1/7cd35e1a-1883-42ab-b393-1b1333e2cda2/tags/list [none]
[debug] [2021-06-25T18:58:19.286Z] <<< [apiv2][status] GET https://us.gcr.io/v2/taboo-2f3dc/gcf/us-central1/tags/list 200
[debug] [2021-06-25T18:58:19.287Z] <<< [apiv2][body] GET https://us.gcr.io/v2/taboo-2f3dc/gcf/us-central1/tags/list {"child":["7cd35e1a-1883-42ab-b393-1b1333e2cda2"],"manifest":{},"name":"taboo-2f3dc/gcf/us-central1","tags":[]}
[debug] [2021-06-25T18:58:19.287Z] >>> [apiv2][query] GET https://us.gcr.io/v2/taboo-2f3dc/gcf/us-central1/7cd35e1a-1883-42ab-b393-1b1333e2cda2/tags/list [none]
[debug] [2021-06-25T18:58:19.289Z] <<< [apiv2][status] GET https://us.gcr.io/v2/taboo-2f3dc/gcf/us-central1/tags/list 200
[debug] [2021-06-25T18:58:19.290Z] <<< [apiv2][body] GET https://us.gcr.io/v2/taboo-2f3dc/gcf/us-central1/tags/list {"child":["7cd35e1a-1883-42ab-b393-1b1333e2cda2"],"manifest":{},"name":"taboo-2f3dc/gcf/us-central1","tags":[]}
[debug] [2021-06-25T18:58:19.290Z] >>> [apiv2][query] GET https://us.gcr.io/v2/taboo-2f3dc/gcf/us-central1/7cd35e1a-1883-42ab-b393-1b1333e2cda2/tags/list [none]
[debug] [2021-06-25T18:58:19.292Z] <<< [apiv2][status] GET https://us.gcr.io/v2/taboo-2f3dc/gcf/us-central1/tags/list 200
[debug] [2021-06-25T18:58:19.292Z] <<< [apiv2][body] GET https://us.gcr.io/v2/taboo-2f3dc/gcf/us-central1/tags/list {"child":["7cd35e1a-1883-42ab-b393-1b1333e2cda2"],"manifest":{},"name":"taboo-2f3dc/gcf/us-central1","tags":[]}
[debug] [2021-06-25T18:58:19.293Z] >>> [apiv2][query] GET https://us.gcr.io/v2/taboo-2f3dc/gcf/us-central1/7cd35e1a-1883-42ab-b393-1b1333e2cda2/tags/list [none]
[debug] [2021-06-25T18:58:19.525Z] <<< [apiv2][status] GET https://us.gcr.io/v2/taboo-2f3dc/gcf/us-central1/7cd35e1a-1883-42ab-b393-1b1333e2cda2/tags/list 200
[debug] [2021-06-25T18:58:19.526Z] <<< [apiv2][body] GET https://us.gcr.io/v2/taboo-2f3dc/gcf/us-central1/7cd35e1a-1883-42ab-b393-1b1333e2cda2/tags/list {"child":["cache","worker"],"manifest":{"sha256:f55ef5bc5b2e78383ff5416891befe818b334466e1b4addae7efd7a7a4a17235":{"imageSizeBytes":"423525019","layerId":"","mediaType":"application/vnd.docker.distribution.manifest.v2+json","tag":["createNewGroupIfNeeded_version-1"],"timeCreatedMs":"315532801000","timeUploadedMs":"1624647483207"}},"name":"taboo-2f3dc/gcf/us-central1/7cd35e1a-1883-42ab-b393-1b1333e2cda2","tags":["createNewGroupIfNeeded_version-1"]}
[debug] [2021-06-25T18:58:19.527Z] >>> [apiv2][query] GET https://us.gcr.io/v2/taboo-2f3dc/gcf/us-central1/7cd35e1a-1883-42ab-b393-1b1333e2cda2/cache/tags/list [none]
[debug] [2021-06-25T18:58:19.528Z] >>> [apiv2][query] GET https://us.gcr.io/v2/taboo-2f3dc/gcf/us-central1/7cd35e1a-1883-42ab-b393-1b1333e2cda2/worker/tags/list [none]
[debug] [2021-06-25T18:58:19.530Z] >>> [apiv2][query] DELETE https://us.gcr.io/v2/taboo-2f3dc/gcf/us-central1/7cd35e1a-1883-42ab-b393-1b1333e2cda2/manifests/createNewGroupIfNeeded_version-1 [none]
[debug] [2021-06-25T18:58:19.532Z] <<< [apiv2][status] GET https://us.gcr.io/v2/taboo-2f3dc/gcf/us-central1/7cd35e1a-1883-42ab-b393-1b1333e2cda2/tags/list 200
[debug] [2021-06-25T18:58:19.533Z] <<< [apiv2][body] GET https://us.gcr.io/v2/taboo-2f3dc/gcf/us-central1/7cd35e1a-1883-42ab-b393-1b1333e2cda2/tags/list {"child":["cache","worker"],"manifest":{"sha256:f55ef5bc5b2e78383ff5416891befe818b334466e1b4addae7efd7a7a4a17235":{"imageSizeBytes":"423525019","layerId":"","mediaType":"application/vnd.docker.distribution.manifest.v2+json","tag":["createNewGroupIfNeeded_version-1"],"timeCreatedMs":"315532801000","timeUploadedMs":"1624647483207"}},"name":"taboo-2f3dc/gcf/us-central1/7cd35e1a-1883-42ab-b393-1b1333e2cda2","tags":["createNewGroupIfNeeded_version-1"]}
[debug] [2021-06-25T18:58:19.533Z] Could not find image for function projects/taboo-2f3dc/locations/us-central1/functions/joinGame
[debug] [2021-06-25T18:58:19.534Z] <<< [apiv2][status] GET https://us.gcr.io/v2/taboo-2f3dc/gcf/us-central1/7cd35e1a-1883-42ab-b393-1b1333e2cda2/tags/list 200
[debug] [2021-06-25T18:58:19.535Z] <<< [apiv2][body] GET https://us.gcr.io/v2/taboo-2f3dc/gcf/us-central1/7cd35e1a-1883-42ab-b393-1b1333e2cda2/tags/list {"child":["cache","worker"],"manifest":{"sha256:f55ef5bc5b2e78383ff5416891befe818b334466e1b4addae7efd7a7a4a17235":{"imageSizeBytes":"423525019","layerId":"","mediaType":"application/vnd.docker.distribution.manifest.v2+json","tag":["createNewGroupIfNeeded_version-1"],"timeCreatedMs":"315532801000","timeUploadedMs":"1624647483207"}},"name":"taboo-2f3dc/gcf/us-central1/7cd35e1a-1883-42ab-b393-1b1333e2cda2","tags":["createNewGroupIfNeeded_version-1"]}
[debug] [2021-06-25T18:58:19.535Z] Could not find image for function projects/taboo-2f3dc/locations/us-central1/functions/createPlayerForNewUser
[debug] [2021-06-25T18:58:19.536Z] <<< [apiv2][status] GET https://us.gcr.io/v2/taboo-2f3dc/gcf/us-central1/7cd35e1a-1883-42ab-b393-1b1333e2cda2/tags/list 200
[debug] [2021-06-25T18:58:19.537Z] <<< [apiv2][body] GET https://us.gcr.io/v2/taboo-2f3dc/gcf/us-central1/7cd35e1a-1883-42ab-b393-1b1333e2cda2/tags/list {"child":["cache","worker"],"manifest":{"sha256:f55ef5bc5b2e78383ff5416891befe818b334466e1b4addae7efd7a7a4a17235":{"imageSizeBytes":"423525019","layerId":"","mediaType":"application/vnd.docker.distribution.manifest.v2+json","tag":["createNewGroupIfNeeded_version-1"],"timeCreatedMs":"315532801000","timeUploadedMs":"1624647483207"}},"name":"taboo-2f3dc/gcf/us-central1/7cd35e1a-1883-42ab-b393-1b1333e2cda2","tags":["createNewGroupIfNeeded_version-1"]}
[debug] [2021-06-25T18:58:19.537Z] Could not find image for function projects/taboo-2f3dc/locations/us-central1/functions/createNewGame
[debug] [2021-06-25T18:58:19.548Z] <<< [apiv2][status] GET https://us.gcr.io/v2/taboo-2f3dc/gcf/us-central1/7cd35e1a-1883-42ab-b393-1b1333e2cda2/tags/list 200
[debug] [2021-06-25T18:58:19.548Z] <<< [apiv2][body] GET https://us.gcr.io/v2/taboo-2f3dc/gcf/us-central1/7cd35e1a-1883-42ab-b393-1b1333e2cda2/tags/list {"child":["cache","worker"],"manifest":{"sha256:f55ef5bc5b2e78383ff5416891befe818b334466e1b4addae7efd7a7a4a17235":{"imageSizeBytes":"423525019","layerId":"","mediaType":"application/vnd.docker.distribution.manifest.v2+json","tag":["createNewGroupIfNeeded_version-1"],"timeCreatedMs":"315532801000","timeUploadedMs":"1624647483207"}},"name":"taboo-2f3dc/gcf/us-central1/7cd35e1a-1883-42ab-b393-1b1333e2cda2","tags":["createNewGroupIfNeeded_version-1"]}
[debug] [2021-06-25T18:58:19.549Z] Could not find image for function projects/taboo-2f3dc/locations/us-central1/functions/joinGroup
[debug] [2021-06-25T18:58:19.777Z] <<< [apiv2][status] GET https://us.gcr.io/v2/taboo-2f3dc/gcf/us-central1/7cd35e1a-1883-42ab-b393-1b1333e2cda2/worker/tags/list 200
[debug] [2021-06-25T18:58:19.777Z] <<< [apiv2][body] GET https://us.gcr.io/v2/taboo-2f3dc/gcf/us-central1/7cd35e1a-1883-42ab-b393-1b1333e2cda2/worker/tags/list {"child":[],"manifest":{"sha256:f55ef5bc5b2e78383ff5416891befe818b334466e1b4addae7efd7a7a4a17235":{"imageSizeBytes":"423525019","layerId":"","mediaType":"application/vnd.docker.distribution.manifest.v2+json","tag":["latest"],"timeCreatedMs":"315532801000","timeUploadedMs":"1624647488595"}},"name":"taboo-2f3dc/gcf/us-central1/7cd35e1a-1883-42ab-b393-1b1333e2cda2/worker","tags":["latest"]}
[debug] [2021-06-25T18:58:19.778Z] >>> [apiv2][query] DELETE https://us.gcr.io/v2/taboo-2f3dc/gcf/us-central1/7cd35e1a-1883-42ab-b393-1b1333e2cda2/worker/manifests/latest [none]
[debug] [2021-06-25T18:58:19.783Z] <<< [apiv2][status] GET https://us.gcr.io/v2/taboo-2f3dc/gcf/us-central1/7cd35e1a-1883-42ab-b393-1b1333e2cda2/cache/tags/list 200
[debug] [2021-06-25T18:58:19.783Z] <<< [apiv2][body] GET https://us.gcr.io/v2/taboo-2f3dc/gcf/us-central1/7cd35e1a-1883-42ab-b393-1b1333e2cda2/cache/tags/list {"child":[],"manifest":{"sha256:44c3c990115c556d405aaa43d158caff47b2410aca36024b163b1dde9fecbdf9":{"imageSizeBytes":"11947900","layerId":"","mediaType":"application/vnd.docker.distribution.manifest.v2+json","tag":["latest"],"timeCreatedMs":"315532801000","timeUploadedMs":"1624647486535"}},"name":"taboo-2f3dc/gcf/us-central1/7cd35e1a-1883-42ab-b393-1b1333e2cda2/cache","tags":["latest"]}
[debug] [2021-06-25T18:58:19.784Z] >>> [apiv2][query] DELETE https://us.gcr.io/v2/taboo-2f3dc/gcf/us-central1/7cd35e1a-1883-42ab-b393-1b1333e2cda2/cache/manifests/latest [none]
[debug] [2021-06-25T18:58:19.931Z] <<< [apiv2][status] DELETE https://us.gcr.io/v2/taboo-2f3dc/gcf/us-central1/7cd35e1a-1883-42ab-b393-1b1333e2cda2/manifests/createNewGroupIfNeeded_version-1 202
[debug] [2021-06-25T18:58:19.932Z] <<< [apiv2][body] DELETE https://us.gcr.io/v2/taboo-2f3dc/gcf/us-central1/7cd35e1a-1883-42ab-b393-1b1333e2cda2/manifests/createNewGroupIfNeeded_version-1 {"errors":[]}
[debug] [2021-06-25T18:58:19.933Z] >>> [apiv2][query] DELETE https://us.gcr.io/v2/taboo-2f3dc/gcf/us-central1/7cd35e1a-1883-42ab-b393-1b1333e2cda2/manifests/sha256:f55ef5bc5b2e78383ff5416891befe818b334466e1b4addae7efd7a7a4a17235 [none]
[debug] [2021-06-25T18:58:20.172Z] <<< [apiv2][status] DELETE https://us.gcr.io/v2/taboo-2f3dc/gcf/us-central1/7cd35e1a-1883-42ab-b393-1b1333e2cda2/worker/manifests/latest 202
[debug] [2021-06-25T18:58:20.173Z] <<< [apiv2][body] DELETE https://us.gcr.io/v2/taboo-2f3dc/gcf/us-central1/7cd35e1a-1883-42ab-b393-1b1333e2cda2/worker/manifests/latest {"errors":[]}
[debug] [2021-06-25T18:58:20.173Z] >>> [apiv2][query] DELETE https://us.gcr.io/v2/taboo-2f3dc/gcf/us-central1/7cd35e1a-1883-42ab-b393-1b1333e2cda2/worker/manifests/sha256:f55ef5bc5b2e78383ff5416891befe818b334466e1b4addae7efd7a7a4a17235 [none]
[debug] [2021-06-25T18:58:20.176Z] <<< [apiv2][status] DELETE https://us.gcr.io/v2/taboo-2f3dc/gcf/us-central1/7cd35e1a-1883-42ab-b393-1b1333e2cda2/cache/manifests/latest 202
[debug] [2021-06-25T18:58:20.176Z] <<< [apiv2][body] DELETE https://us.gcr.io/v2/taboo-2f3dc/gcf/us-central1/7cd35e1a-1883-42ab-b393-1b1333e2cda2/cache/manifests/latest {"errors":[]}
[debug] [2021-06-25T18:58:20.177Z] >>> [apiv2][query] DELETE https://us.gcr.io/v2/taboo-2f3dc/gcf/us-central1/7cd35e1a-1883-42ab-b393-1b1333e2cda2/cache/manifests/sha256:44c3c990115c556d405aaa43d158caff47b2410aca36024b163b1dde9fecbdf9 [none]
[debug] [2021-06-25T18:58:20.501Z] <<< [apiv2][status] DELETE https://us.gcr.io/v2/taboo-2f3dc/gcf/us-central1/7cd35e1a-1883-42ab-b393-1b1333e2cda2/manifests/sha256:f55ef5bc5b2e78383ff5416891befe818b334466e1b4addae7efd7a7a4a17235 202
[debug] [2021-06-25T18:58:20.502Z] <<< [apiv2][body] DELETE https://us.gcr.io/v2/taboo-2f3dc/gcf/us-central1/7cd35e1a-1883-42ab-b393-1b1333e2cda2/manifests/sha256:f55ef5bc5b2e78383ff5416891befe818b334466e1b4addae7efd7a7a4a17235 {"errors":[]}
[debug] [2021-06-25T18:58:20.861Z] <<< [apiv2][status] DELETE https://us.gcr.io/v2/taboo-2f3dc/gcf/us-central1/7cd35e1a-1883-42ab-b393-1b1333e2cda2/worker/manifests/sha256:f55ef5bc5b2e78383ff5416891befe818b334466e1b4addae7efd7a7a4a17235 202
[debug] [2021-06-25T18:58:20.862Z] <<< [apiv2][body] DELETE https://us.gcr.io/v2/taboo-2f3dc/gcf/us-central1/7cd35e1a-1883-42ab-b393-1b1333e2cda2/worker/manifests/sha256:f55ef5bc5b2e78383ff5416891befe818b334466e1b4addae7efd7a7a4a17235 {"errors":[]}
[debug] [2021-06-25T18:58:21.151Z] <<< [apiv2][status] DELETE https://us.gcr.io/v2/taboo-2f3dc/gcf/us-central1/7cd35e1a-1883-42ab-b393-1b1333e2cda2/cache/manifests/sha256:44c3c990115c556d405aaa43d158caff47b2410aca36024b163b1dde9fecbdf9 202
[debug] [2021-06-25T18:58:21.152Z] <<< [apiv2][body] DELETE https://us.gcr.io/v2/taboo-2f3dc/gcf/us-central1/7cd35e1a-1883-42ab-b393-1b1333e2cda2/cache/manifests/sha256:44c3c990115c556d405aaa43d158caff47b2410aca36024b163b1dde9fecbdf9 {"errors":[]}
[debug] [2021-06-25T18:58:21.152Z] > refreshing access token with scopes: ["email","https://www.googleapis.com/auth/cloud-platform","https://www.googleapis.com/auth/cloudplatformprojects.readonly","https://www.googleapis.com/auth/firebase","openid"]
[debug] [2021-06-25T18:58:21.153Z] >>> HTTP REQUEST POST https://www.googleapis.com/oauth2/v3/token  
 <request body omitted>
[debug] [2021-06-25T18:58:21.280Z] <<< HTTP RESPONSE 200 {"pragma":"no-cache","expires":"Mon, 01 Jan 1990 00:00:00 GMT","cache-control":"no-cache, no-store, max-age=0, must-revalidate","date":"Fri, 25 Jun 2021 18:58:29 GMT","content-type":"application/json; charset=utf-8","vary":"X-Origin, Referer, Origin,Accept-Encoding","server":"scaffolding on HTTPServer2","x-xss-protection":"0","x-frame-options":"SAMEORIGIN","x-content-type-options":"nosniff","alt-svc":"h3=\":443\"; ma=2592000,h3-29=\":443\"; ma=2592000,h3-T051=\":443\"; ma=2592000,h3-Q050=\":443\"; ma=2592000,h3-Q046=\":443\"; ma=2592000,h3-Q043=\":443\"; ma=2592000,quic=\":443\"; ma=2592000; v=\"46,43\"","accept-ranges":"none","transfer-encoding":"chunked"}
[debug] [2021-06-25T18:58:21.296Z] >>> HTTP REQUEST GET https://cloudfunctions.googleapis.com/v1/projects/taboo-2f3dc/locations/-/functions  
 
[debug] [2021-06-25T18:58:21.764Z] <<< HTTP RESPONSE 200 {"content-type":"application/json; charset=UTF-8","vary":"X-Origin, Referer, Origin,Accept-Encoding","date":"Fri, 25 Jun 2021 18:58:29 GMT","server":"ESF","cache-control":"private","x-xss-protection":"0","x-frame-options":"SAMEORIGIN","x-content-type-options":"nosniff","alt-svc":"h3=\":443\"; ma=2592000,h3-29=\":443\"; ma=2592000,h3-T051=\":443\"; ma=2592000,h3-Q050=\":443\"; ma=2592000,h3-Q046=\":443\"; ma=2592000,h3-Q043=\":443\"; ma=2592000,quic=\":443\"; ma=2592000; v=\"46,43\"","accept-ranges":"none","transfer-encoding":"chunked"}
[info] 
[info] +  Deploy complete! 
[info] 
[info] Project Console: https://console.firebase.google.com/project/taboo-2f3dc/overview
